Log file open, 01/27/21 02:10:27
LogInit: Display: Running engine for game: Unreal_Bad_Apple
LogPlatformFile: Not using cached read wrapper
LogTaskGraph: Started task graph with 5 named threads and 23 total threads with 3 sets of task threads.
LogStats: Stats thread started at 0.675803
LogD3D11RHI: Loaded GFSDK_Aftermath_Lib.x64.dll
LogICUInternationalization: ICU TimeZone Detection - Raw Offset: +8:00, Platform Override: ''
LogPluginManager: Mounting plugin Paper2D
LogPluginManager: Mounting plugin AISupport
LogPluginManager: Mounting plugin LightPropagationVolume
LogPluginManager: Mounting plugin CameraShakePreviewer
LogPluginManager: Mounting plugin ActorLayerUtilities
LogPluginManager: Mounting plugin AnimationSharing
LogPluginManager: Mounting plugin CLionSourceCodeAccess
LogPluginManager: Mounting plugin CodeLiteSourceCodeAccess
LogPluginManager: Mounting plugin GitSourceControl
LogPluginManager: Mounting plugin KDevelopSourceCodeAccess
LogPluginManager: Mounting plugin NullSourceCodeAccess
LogPluginManager: Mounting plugin PerforceSourceControl
LogPluginManager: Mounting plugin PlasticSourceControl
LogPluginManager: Mounting plugin RiderSourceCodeAccess
LogPluginManager: Mounting plugin SubversionSourceControl
LogPluginManager: Mounting plugin UObjectPlugin
LogPluginManager: Mounting plugin VisualStudioCodeSourceCodeAccess
LogPluginManager: Mounting plugin VisualStudioSourceCodeAccess
LogPluginManager: Mounting plugin XCodeSourceCodeAccess
LogPluginManager: Mounting plugin AssetManagerEditor
LogPluginManager: Mounting plugin CryptoKeys
LogPluginManager: Mounting plugin CurveEditorTools
LogPluginManager: Mounting plugin DataValidation
LogPluginManager: Mounting plugin EditorScriptingUtilities
LogPluginManager: Mounting plugin FacialAnimation
LogPluginManager: Mounting plugin GameplayTagsEditor
LogPluginManager: Mounting plugin GeometryMode
LogPluginManager: Mounting plugin MacGraphicsSwitching
LogPluginManager: Mounting plugin MaterialAnalyzer
LogPluginManager: Mounting plugin MobileLauncherProfileWizard
LogPluginManager: Mounting plugin PluginBrowser
LogPluginManager: Mounting plugin SpeedTreeImporter
LogPluginManager: Mounting plugin DatasmithContent
LogPluginManager: Mounting plugin VariantManagerContent
LogPluginManager: Mounting plugin AlembicImporter
LogPluginManager: Mounting plugin AutomationUtils
LogPluginManager: Mounting plugin BackChannel
LogPluginManager: Mounting plugin ChaosCloth
LogPluginManager: Mounting plugin ChaosClothEditor
LogPluginManager: Mounting plugin ChaosEditor
LogPluginManager: Mounting plugin ChaosNiagara
LogPluginManager: Mounting plugin ChaosSolverPlugin
LogPluginManager: Mounting plugin CharacterAI
LogPluginManager: Mounting plugin GeometryCache
LogPluginManager: Mounting plugin GeometryCollectionPlugin
LogPluginManager: Mounting plugin GeometryProcessing
LogPluginManager: Mounting plugin PlanarCut
LogPluginManager: Mounting plugin PlatformCrypto
LogPluginManager: Mounting plugin ProxyLODPlugin
LogPluginManager: Mounting plugin SkeletalReduction
LogPluginManager: Mounting plugin Niagara
LogPluginManager: Mounting plugin MagicLeap
LogPluginManager: Mounting plugin MagicLeapLightEstimation
LogPluginManager: Mounting plugin MagicLeapMedia
LogPluginManager: Mounting plugin MagicLeapPassableWorld
LogPluginManager: Mounting plugin MLSDK
LogPluginManager: Mounting plugin AndroidMedia
LogPluginManager: Mounting plugin AvfMedia
LogPluginManager: Mounting plugin ImgMedia
LogPluginManager: Mounting plugin MediaCompositing
LogPluginManager: Mounting plugin MediaPlayerEditor
LogPluginManager: Mounting plugin WebMMedia
LogPluginManager: Mounting plugin WmfMedia
LogPluginManager: Mounting plugin MeshPainting
LogPluginManager: Mounting plugin TcpMessaging
LogPluginManager: Mounting plugin UdpMessaging
LogPluginManager: Mounting plugin ActorSequence
LogPluginManager: Mounting plugin LevelSequenceEditor
LogPluginManager: Mounting plugin MatineeToLevelSequence
LogPluginManager: Mounting plugin MovieRenderPipeline
LogPluginManager: Mounting plugin TemplateSequence
LogPluginManager: Mounting plugin NetcodeUnitTest
LogPluginManager: Mounting plugin NUTUnrealEngine4
LogPluginManager: Mounting plugin OnlineSubsystemGooglePlay
LogPluginManager: Mounting plugin OnlineSubsystemIOS
LogPluginManager: Mounting plugin OnlineSubsystem
LogPluginManager: Mounting plugin OnlineSubsystemNull
LogPluginManager: Mounting plugin OnlineSubsystemUtils
LogPluginManager: Mounting plugin LauncherChunkInstaller
LogPluginManager: Mounting plugin AndroidDeviceProfileSelector
LogPluginManager: Mounting plugin AndroidMoviePlayer
LogPluginManager: Mounting plugin AndroidPermission
LogPluginManager: Mounting plugin AppleImageUtils
LogPluginManager: Mounting plugin AppleMoviePlayer
LogPluginManager: Mounting plugin ArchVisCharacter
LogPluginManager: Mounting plugin AssetTags
LogPluginManager: Mounting plugin AudioCapture
LogPluginManager: Mounting plugin CableComponent
LogPluginManager: Mounting plugin CustomMeshComponent
LogPluginManager: Mounting plugin EditableMesh
LogPluginManager: Mounting plugin ExampleDeviceProfileSelector
LogPluginManager: Mounting plugin GoogleCloudMessaging
LogPluginManager: Mounting plugin GooglePAD
LogPluginManager: Mounting plugin IOSDeviceProfileSelector
LogPluginManager: Mounting plugin LinuxDeviceProfileSelector
LogPluginManager: Mounting plugin LocationServicesBPLibrary
LogPluginManager: Mounting plugin MobilePatchingUtils
LogPluginManager: Mounting plugin OculusVR
LogPluginManager: Mounting plugin PhysXVehicles
LogPluginManager: Mounting plugin PostSplashScreen
LogPluginManager: Mounting plugin ProceduralMeshComponent
LogPluginManager: Mounting plugin RuntimePhysXCooking
LogPluginManager: Mounting plugin SignificanceManager
LogPluginManager: Mounting plugin SoundFields
LogPluginManager: Mounting plugin SteamVR
LogPluginManager: Mounting plugin Synthesis
LogPluginManager: Mounting plugin WebMMoviePlayer
LogPluginManager: Mounting plugin WindowsMoviePlayer
LogPluginManager: Mounting plugin ScreenshotTools
LogInit: Using libcurl 7.55.1-DEV
LogInit:  - built for x86_64-pc-win32
LogInit:  - supports SSL with OpenSSL/1.1.1
LogInit:  - supports HTTP deflate (compression) using libz 1.2.8
LogInit:  - other features:
LogInit:      CURL_VERSION_SSL
LogInit:      CURL_VERSION_LIBZ
LogInit:      CURL_VERSION_IPV6
LogInit:      CURL_VERSION_ASYNCHDNS
LogInit:      CURL_VERSION_LARGEFILE
LogInit:      CURL_VERSION_IDN
LogInit:  CurlRequestOptions (configurable via config and command line):
LogInit:  - bVerifyPeer = true  - Libcurl will verify peer certificate
LogInit:  - bUseHttpProxy = false  - Libcurl will NOT use HTTP proxy
LogInit:  - bDontReuseConnections = false  - Libcurl will reuse connections
LogInit:  - MaxHostConnections = 16  - Libcurl will limit the number of connections to a host
LogInit:  - LocalHostAddr = Default
LogInit:  - BufferSize = 65536
LogOnline: OSS: Creating online subsystem instance for: NULL
LogInit: WinSock: version 1.1 (2.2), MaxSocks=32767, MaxUdp=65467
LogOnline: OSS: TryLoadSubsystemAndSetDefault: Loaded subsystem for module [NULL]
LogInit: Build: ++UE4+Release-4.25-CL-14469661
LogInit: Engine Version: 4.25.4-14469661+++UE4+Release-4.25
LogInit: Compatible Engine Version: 4.25.0-13144385+++UE4+Release-4.25
LogInit: Net CL: 13144385
LogInit: OS: Windows 10 (Release 2004) (), CPU: Intel(R) Core(TM) i7-4790K CPU @ 4.00GHz, GPU: NVIDIA Quadro K4000
LogInit: Compiled (64-bit): Oct 11 2020 08:10:49
LogInit: Compiled with Visual C++: 19.24.28315.00
LogInit: Build Configuration: Development
LogInit: Branch Name: ++UE4+Release-4.25
LogInit: Command Line: 
LogInit: Base Directory: C:/Program Files/Epic Games/UE_4.25/Engine/Binaries/Win64/
LogInit: Allocator: TBB
LogInit: Installed Engine Build: 1
LogDevObjectVersion: Number of dev versions registered: 26
LogDevObjectVersion:   Dev-Blueprints (B0D832E4-1F89-4F0D-ACCF-7EB736FD4AA2): 10
LogDevObjectVersion:   Dev-Build (E1C64328-A22C-4D53-A36C-8E866417BD8C): 0
LogDevObjectVersion:   Dev-Core (375EC13C-06E4-48FB-B500-84F0262A717E): 4
LogDevObjectVersion:   Dev-Editor (E4B068ED-F494-42E9-A231-DA0B2E46BB41): 38
LogDevObjectVersion:   Dev-Framework (CFFC743F-43B0-4480-9391-14DF171D2073): 37
LogDevObjectVersion:   Dev-Mobile (B02B49B5-BB20-44E9-A304-32B752E40360): 2
LogDevObjectVersion:   Dev-Networking (A4E4105C-59A1-49B5-A7C5-40C4547EDFEE): 0
LogDevObjectVersion:   Dev-Online (39C831C9-5AE6-47DC-9A44-9C173E1C8E7C): 0
LogDevObjectVersion:   Dev-Physics (78F01B33-EBEA-4F98-B9B4-84EACCB95AA2): 4
LogDevObjectVersion:   Dev-Platform (6631380F-2D4D-43E0-8009-CF276956A95A): 0
LogDevObjectVersion:   Dev-Rendering (12F88B9F-8875-4AFC-A67C-D90C383ABD29): 43
LogDevObjectVersion:   Dev-Sequencer (7B5AE74C-D270-4C10-A958-57980B212A5A): 12
LogDevObjectVersion:   Dev-VR (D7296918-1DD6-4BDD-9DE2-64A83CC13884): 3
LogDevObjectVersion:   Dev-LoadTimes (C2A15278-BFE7-4AFE-6C17-90FF531DF755): 1
LogDevObjectVersion:   Private-Geometry (6EACA3D4-40EC-4CC1-B786-8BED09428FC5): 3
LogDevObjectVersion:   Dev-AnimPhys (29E575DD-E0A3-4627-9D10-D276232CDCEA): 17
LogDevObjectVersion:   Dev-Anim (AF43A65D-7FD3-4947-9873-3E8ED9C1BB05): 7
LogDevObjectVersion:   Dev-ReflectionCapture (6B266CEC-1EC7-4B8F-A30B-E4D90942FC07): 1
LogDevObjectVersion:   Dev-Automation (0DF73D61-A23F-47EA-B727-89E90C41499A): 1
LogDevObjectVersion:   FortniteMain (601D1886-AC64-4F84-AA16-D3DE0DEAC7D6): 31
LogDevObjectVersion:   Dev-Enterprise (9DFFBCD6-494F-0158-E221-12823C92A888): 10
LogDevObjectVersion:   Dev-Niagara (F2AED0AC-9AFE-416F-8664-AA7FFA26D6FC): 1
LogDevObjectVersion:   Dev-Destruction (174F1F0B-B4C6-45A5-B13F-2EE8D0FB917D): 10
LogDevObjectVersion:   Dev-Physics-Ext (35F94A83-E258-406C-A318-09F59610247C): 37
LogDevObjectVersion:   Dev-PhysicsMaterial-Chaos (B68FC16E-8B1B-42E2-B453-215C058844FE): 1
LogDevObjectVersion:   Dev-CineCamera (B2E18506-4273-CFC2-A54E-F4BB758BBA07): 1
LogInit: Presizing for max 25165824 objects, including 0 objects not considered by GC, pre-allocating 0 bytes for permanent pool.
LogConfig: Applying CVar settings from Section [/Script/Engine.StreamingSettings] File [D:/Art Center/Bad Apple/Unreal_Bad_Apple/Saved/Config/Windows/Engine.ini]
LogConfig: Setting CVar [[s.MinBulkDataSizeForAsyncLoading:131072]]
LogConfig: Setting CVar [[s.AsyncLoadingThreadEnabled:0]]
LogConfig: Setting CVar [[s.EventDrivenLoaderEnabled:1]]
LogConfig: Setting CVar [[s.WarnIfTimeLimitExceeded:0]]
LogConfig: Setting CVar [[s.TimeLimitExceededMultiplier:1.5]]
LogConfig: Setting CVar [[s.TimeLimitExceededMinTime:0.005]]
LogConfig: Setting CVar [[s.UseBackgroundLevelStreaming:1]]
LogConfig: Setting CVar [[s.PriorityAsyncLoadingExtraTime:15.0]]
LogConfig: Setting CVar [[s.LevelStreamingActorsUpdateTimeLimit:5.0]]
LogConfig: Setting CVar [[s.PriorityLevelStreamingActorsUpdateExtraTime:5.0]]
LogConfig: Setting CVar [[s.LevelStreamingComponentsRegistrationGranularity:10]]
LogConfig: Setting CVar [[s.UnregisterComponentsTimeLimit:1.0]]
LogConfig: Setting CVar [[s.LevelStreamingComponentsUnregistrationGranularity:5]]
LogConfig: Setting CVar [[s.FlushStreamingOnExit:1]]
LogInit: Object subsystem initialized
LogConfig: Setting CVar [[con.DebugEarlyDefault:1]]
LogConfig: Setting CVar [[r.setres:1280x720]]
[2021.01.26-18.10.28:076][  0]LogConfig: Setting CVar [[r.VSync:0]]
[2021.01.26-18.10.28:076][  0]LogConfig: Setting CVar [[r.RHICmdBypass:0]]
[2021.01.26-18.10.28:076][  0]LogConfig: Applying CVar settings from Section [/Script/Engine.RendererSettings] File [D:/Art Center/Bad Apple/Unreal_Bad_Apple/Saved/Config/Windows/Engine.ini]
[2021.01.26-18.10.28:076][  0]LogConfig: Setting CVar [[r.GPUCrashDebugging:0]]
[2021.01.26-18.10.28:076][  0]LogConfig: Applying CVar settings from Section [/Script/Engine.RendererOverrideSettings] File [D:/Art Center/Bad Apple/Unreal_Bad_Apple/Saved/Config/Windows/Engine.ini]
[2021.01.26-18.10.28:076][  0]LogConfig: Applying CVar settings from Section [/Script/Engine.StreamingSettings] File [D:/Art Center/Bad Apple/Unreal_Bad_Apple/Saved/Config/Windows/Engine.ini]
[2021.01.26-18.10.28:076][  0]LogConfig: Setting CVar [[s.MinBulkDataSizeForAsyncLoading:131072]]
[2021.01.26-18.10.28:076][  0]LogConfig: Setting CVar [[s.AsyncLoadingThreadEnabled:0]]
[2021.01.26-18.10.28:076][  0]LogConfig: Setting CVar [[s.EventDrivenLoaderEnabled:1]]
[2021.01.26-18.10.28:076][  0]LogConfig: Setting CVar [[s.WarnIfTimeLimitExceeded:0]]
[2021.01.26-18.10.28:076][  0]LogConfig: Setting CVar [[s.TimeLimitExceededMultiplier:1.5]]
[2021.01.26-18.10.28:076][  0]LogConfig: Setting CVar [[s.TimeLimitExceededMinTime:0.005]]
[2021.01.26-18.10.28:076][  0]LogConfig: Setting CVar [[s.UseBackgroundLevelStreaming:1]]
[2021.01.26-18.10.28:076][  0]LogConfig: Setting CVar [[s.PriorityAsyncLoadingExtraTime:15.0]]
[2021.01.26-18.10.28:076][  0]LogConfig: Setting CVar [[s.LevelStreamingActorsUpdateTimeLimit:5.0]]
[2021.01.26-18.10.28:076][  0]LogConfig: Setting CVar [[s.PriorityLevelStreamingActorsUpdateExtraTime:5.0]]
[2021.01.26-18.10.28:076][  0]LogConfig: Setting CVar [[s.LevelStreamingComponentsRegistrationGranularity:10]]
[2021.01.26-18.10.28:076][  0]LogConfig: Setting CVar [[s.UnregisterComponentsTimeLimit:1.0]]
[2021.01.26-18.10.28:076][  0]LogConfig: Setting CVar [[s.LevelStreamingComponentsUnregistrationGranularity:5]]
[2021.01.26-18.10.28:076][  0]LogConfig: Setting CVar [[s.FlushStreamingOnExit:1]]
[2021.01.26-18.10.28:076][  0]LogConfig: Applying CVar settings from Section [/Script/Engine.GarbageCollectionSettings] File [D:/Art Center/Bad Apple/Unreal_Bad_Apple/Saved/Config/Windows/Engine.ini]
[2021.01.26-18.10.28:076][  0]LogConfig: Setting CVar [[gc.MaxObjectsNotConsideredByGC:1]]
[2021.01.26-18.10.28:076][  0]LogConfig: Setting CVar [[gc.SizeOfPermanentObjectPool:0]]
[2021.01.26-18.10.28:077][  0]LogConfig: Setting CVar [[gc.FlushStreamingOnGC:0]]
[2021.01.26-18.10.28:077][  0]LogConfig: Setting CVar [[gc.NumRetriesBeforeForcingGC:10]]
[2021.01.26-18.10.28:077][  0]LogConfig: Setting CVar [[gc.AllowParallelGC:1]]
[2021.01.26-18.10.28:077][  0]LogConfig: Setting CVar [[gc.TimeBetweenPurgingPendingKillObjects:61.1]]
[2021.01.26-18.10.28:077][  0]LogConfig: Setting CVar [[gc.MaxObjectsInEditor:25165824]]
[2021.01.26-18.10.28:077][  0]LogConfig: Setting CVar [[gc.IncrementalBeginDestroyEnabled:1]]
[2021.01.26-18.10.28:077][  0]LogConfig: Setting CVar [[gc.CreateGCClusters:1]]
[2021.01.26-18.10.28:077][  0]LogConfig: Setting CVar [[gc.MinGCClusterSize:5]]
[2021.01.26-18.10.28:077][  0]LogConfig: Setting CVar [[gc.ActorClusteringEnabled:0]]
[2021.01.26-18.10.28:077][  0]LogConfig: Setting CVar [[gc.BlueprintClusteringEnabled:0]]
[2021.01.26-18.10.28:077][  0]LogConfig: Setting CVar [[gc.UseDisregardForGCOnDedicatedServers:0]]
[2021.01.26-18.10.28:077][  0]LogConfig: Applying CVar settings from Section [/Script/Engine.NetworkSettings] File [D:/Art Center/Bad Apple/Unreal_Bad_Apple/Saved/Config/Windows/Engine.ini]
[2021.01.26-18.10.28:077][  0]LogConfig: Applying CVar settings from Section [/Script/UnrealEd.CookerSettings] File [D:/Art Center/Bad Apple/Unreal_Bad_Apple/Saved/Config/Windows/Engine.ini]
[2021.01.26-18.10.28:085][  0]LogConfig: Applying CVar settings from Section [ViewDistanceQuality@3] File [D:/Art Center/Bad Apple/Unreal_Bad_Apple/Saved/Config/Windows/Scalability.ini]
[2021.01.26-18.10.28:085][  0]LogConfig: Setting CVar [[r.SkeletalMeshLODBias:0]]
[2021.01.26-18.10.28:085][  0]LogConfig: Setting CVar [[r.ViewDistanceScale:1.0]]
[2021.01.26-18.10.28:085][  0]LogConfig: Applying CVar settings from Section [AntiAliasingQuality@3] File [D:/Art Center/Bad Apple/Unreal_Bad_Apple/Saved/Config/Windows/Scalability.ini]
[2021.01.26-18.10.28:085][  0]LogConfig: Setting CVar [[r.PostProcessAAQuality:4]]
[2021.01.26-18.10.28:085][  0]LogConfig: Applying CVar settings from Section [ShadowQuality@3] File [D:/Art Center/Bad Apple/Unreal_Bad_Apple/Saved/Config/Windows/Scalability.ini]
[2021.01.26-18.10.28:085][  0]LogConfig: Setting CVar [[r.LightFunctionQuality:1]]
[2021.01.26-18.10.28:085][  0]LogConfig: Setting CVar [[r.ShadowQuality:5]]
[2021.01.26-18.10.28:085][  0]LogConfig: Setting CVar [[r.Shadow.CSM.MaxCascades:10]]
[2021.01.26-18.10.28:085][  0]LogConfig: Setting CVar [[r.Shadow.MaxResolution:2048]]
[2021.01.26-18.10.28:085][  0]LogConfig: Setting CVar [[r.Shadow.MaxCSMResolution:2048]]
[2021.01.26-18.10.28:085][  0]LogConfig: Setting CVar [[r.Shadow.RadiusThreshold:0.01]]
[2021.01.26-18.10.28:085][  0]LogConfig: Setting CVar [[r.Shadow.DistanceScale:1.0]]
[2021.01.26-18.10.28:085][  0]LogConfig: Setting CVar [[r.Shadow.CSM.TransitionScale:1.0]]
[2021.01.26-18.10.28:085][  0]LogConfig: Setting CVar [[r.Shadow.PreShadowResolutionFactor:1.0]]
[2021.01.26-18.10.28:085][  0]LogConfig: Setting CVar [[r.DistanceFieldShadowing:1]]
[2021.01.26-18.10.28:085][  0]LogConfig: Setting CVar [[r.DistanceFieldAO:1]]
[2021.01.26-18.10.28:086][  0]LogConfig: Setting CVar [[r.AOQuality:2]]
[2021.01.26-18.10.28:086][  0]LogConfig: Setting CVar [[r.VolumetricFog:1]]
[2021.01.26-18.10.28:086][  0]LogConfig: Setting CVar [[r.VolumetricFog.GridPixelSize:8]]
[2021.01.26-18.10.28:086][  0]LogConfig: Setting CVar [[r.VolumetricFog.GridSizeZ:128]]
[2021.01.26-18.10.28:086][  0]LogConfig: Setting CVar [[r.VolumetricFog.HistoryMissSupersampleCount:4]]
[2021.01.26-18.10.28:086][  0]LogConfig: Setting CVar [[r.LightMaxDrawDistanceScale:1]]
[2021.01.26-18.10.28:086][  0]LogConfig: Setting CVar [[r.CapsuleShadows:1]]
[2021.01.26-18.10.28:086][  0]LogConfig: Applying CVar settings from Section [PostProcessQuality@3] File [D:/Art Center/Bad Apple/Unreal_Bad_Apple/Saved/Config/Windows/Scalability.ini]
[2021.01.26-18.10.28:086][  0]LogConfig: Setting CVar [[r.MotionBlurQuality:4]]
[2021.01.26-18.10.28:086][  0]LogConfig: Setting CVar [[r.AmbientOcclusionMipLevelFactor:0.4]]
[2021.01.26-18.10.28:086][  0]LogConfig: Setting CVar [[r.AmbientOcclusionMaxQuality:100]]
[2021.01.26-18.10.28:086][  0]LogConfig: Setting CVar [[r.AmbientOcclusionLevels:-1]]
[2021.01.26-18.10.28:086][  0]LogConfig: Setting CVar [[r.AmbientOcclusionRadiusScale:1.0]]
[2021.01.26-18.10.28:086][  0]LogConfig: Setting CVar [[r.DepthOfFieldQuality:2]]
[2021.01.26-18.10.28:086][  0]LogConfig: Setting CVar [[r.RenderTargetPoolMin:400]]
[2021.01.26-18.10.28:086][  0]LogConfig: Setting CVar [[r.LensFlareQuality:2]]
[2021.01.26-18.10.28:086][  0]LogConfig: Setting CVar [[r.SceneColorFringeQuality:1]]
[2021.01.26-18.10.28:086][  0]LogConfig: Setting CVar [[r.EyeAdaptationQuality:2]]
[2021.01.26-18.10.28:086][  0]LogConfig: Setting CVar [[r.BloomQuality:5]]
[2021.01.26-18.10.28:086][  0]LogConfig: Setting CVar [[r.FastBlurThreshold:100]]
[2021.01.26-18.10.28:086][  0]LogConfig: Setting CVar [[r.Upscale.Quality:3]]
[2021.01.26-18.10.28:086][  0]LogConfig: Setting CVar [[r.Tonemapper.GrainQuantization:1]]
[2021.01.26-18.10.28:086][  0]LogConfig: Setting CVar [[r.LightShaftQuality:1]]
[2021.01.26-18.10.28:086][  0]LogConfig: Setting CVar [[r.Filter.SizeScale:1]]
[2021.01.26-18.10.28:086][  0]LogConfig: Setting CVar [[r.Tonemapper.Quality:5]]
[2021.01.26-18.10.28:086][  0]LogConfig: Setting CVar [[r.DOF.Gather.AccumulatorQuality:1        ; higher gathering accumulator quality]]
[2021.01.26-18.10.28:086][  0]LogConfig: Setting CVar [[r.DOF.Gather.PostfilterMethod:1          ; Median3x3 postfilering method]]
[2021.01.26-18.10.28:086][  0]LogConfig: Setting CVar [[r.DOF.Gather.EnableBokehSettings:0       ; no bokeh simulation when gathering]]
[2021.01.26-18.10.28:086][  0]LogConfig: Setting CVar [[r.DOF.Gather.RingCount:4                 ; medium number of samples when gathering]]
[2021.01.26-18.10.28:086][  0]LogConfig: Setting CVar [[r.DOF.Scatter.ForegroundCompositing:1    ; additive foreground scattering]]
[2021.01.26-18.10.28:086][  0]LogConfig: Setting CVar [[r.DOF.Scatter.BackgroundCompositing:2    ; additive background scattering]]
[2021.01.26-18.10.28:086][  0]LogConfig: Setting CVar [[r.DOF.Scatter.EnableBokehSettings:1      ; bokeh simulation when scattering]]
[2021.01.26-18.10.28:086][  0]LogConfig: Setting CVar [[r.DOF.Scatter.MaxSpriteRatio:0.1         ; only a maximum of 10% of scattered bokeh]]
[2021.01.26-18.10.28:086][  0]LogConfig: Setting CVar [[r.DOF.Recombine.Quality:1                ; cheap slight out of focus]]
[2021.01.26-18.10.28:086][  0]LogConfig: Setting CVar [[r.DOF.Recombine.EnableBokehSettings:0    ; no bokeh simulation on slight out of focus]]
[2021.01.26-18.10.28:086][  0]LogConfig: Setting CVar [[r.DOF.TemporalAAQuality:1                ; more stable temporal accumulation]]
[2021.01.26-18.10.28:086][  0]LogConfig: Setting CVar [[r.DOF.Kernel.MaxForegroundRadius:0.025]]
[2021.01.26-18.10.28:086][  0]LogConfig: Setting CVar [[r.DOF.Kernel.MaxBackgroundRadius:0.025]]
[2021.01.26-18.10.28:086][  0]LogConfig: Applying CVar settings from Section [TextureQuality@3] File [D:/Art Center/Bad Apple/Unreal_Bad_Apple/Saved/Config/Windows/Scalability.ini]
[2021.01.26-18.10.28:086][  0]LogConfig: Setting CVar [[r.Streaming.MipBias:0]]
[2021.01.26-18.10.28:086][  0]LogConfig: Setting CVar [[r.Streaming.AmortizeCPUToGPUCopy:0]]
[2021.01.26-18.10.28:086][  0]LogConfig: Setting CVar [[r.Streaming.MaxNumTexturesToStreamPerFrame:0]]
[2021.01.26-18.10.28:086][  0]LogConfig: Setting CVar [[r.Streaming.Boost:1]]
[2021.01.26-18.10.28:086][  0]LogConfig: Setting CVar [[r.MaxAnisotropy:8]]
[2021.01.26-18.10.28:086][  0]LogConfig: Setting CVar [[r.VT.MaxAnisotropy:8]]
[2021.01.26-18.10.28:086][  0]LogConfig: Setting CVar [[r.Streaming.LimitPoolSizeToVRAM:0]]
[2021.01.26-18.10.28:086][  0]LogConfig: Setting CVar [[r.Streaming.PoolSize:1000]]
[2021.01.26-18.10.28:086][  0]LogConfig: Setting CVar [[r.Streaming.MaxEffectiveScreenSize:0]]
[2021.01.26-18.10.28:086][  0]LogConfig: Applying CVar settings from Section [EffectsQuality@3] File [D:/Art Center/Bad Apple/Unreal_Bad_Apple/Saved/Config/Windows/Scalability.ini]
[2021.01.26-18.10.28:086][  0]LogConfig: Setting CVar [[r.TranslucencyLightingVolumeDim:64]]
[2021.01.26-18.10.28:086][  0]LogConfig: Setting CVar [[r.RefractionQuality:2]]
[2021.01.26-18.10.28:086][  0]LogConfig: Setting CVar [[r.SSR.Quality:3]]
[2021.01.26-18.10.28:086][  0]LogConfig: Setting CVar [[r.SSR.HalfResSceneColor:0]]
[2021.01.26-18.10.28:086][  0]LogConfig: Setting CVar [[r.SceneColorFormat:4]]
[2021.01.26-18.10.28:086][  0]LogConfig: Setting CVar [[r.DetailMode:2]]
[2021.01.26-18.10.28:086][  0]LogConfig: Setting CVar [[r.TranslucencyVolumeBlur:1]]
[2021.01.26-18.10.28:086][  0]LogConfig: Setting CVar [[r.MaterialQualityLevel:1 ; High quality]]
[2021.01.26-18.10.28:086][  0]LogConfig: Setting CVar [[r.SSS.Scale:1]]
[2021.01.26-18.10.28:086][  0]LogConfig: Setting CVar [[r.SSS.SampleSet:2]]
[2021.01.26-18.10.28:086][  0]LogConfig: Setting CVar [[r.SSS.Quality:1]]
[2021.01.26-18.10.28:086][  0]LogConfig: Setting CVar [[r.SSS.HalfRes:0]]
[2021.01.26-18.10.28:086][  0]LogConfig: Setting CVar [[r.SSGI.Quality:3]]
[2021.01.26-18.10.28:086][  0]LogConfig: Setting CVar [[r.EmitterSpawnRateScale:1.0]]
[2021.01.26-18.10.28:086][  0]LogConfig: Setting CVar [[r.ParticleLightQuality:2]]
[2021.01.26-18.10.28:086][  0]LogConfig: Setting CVar [[r.SkyAtmosphere.AerialPerspectiveLUT.FastApplyOnOpaque:1 ; Always have FastSkyLUT 1 in this case to avoid wrong sky]]
[2021.01.26-18.10.28:086][  0]LogConfig: Setting CVar [[r.SkyAtmosphere.AerialPerspectiveLUT.SampleCountPerSlice:1]]
[2021.01.26-18.10.28:086][  0]LogConfig: Setting CVar [[r.SkyAtmosphere.AerialPerspectiveLUT.DepthResolution:16.0]]
[2021.01.26-18.10.28:086][  0]LogConfig: Setting CVar [[r.SkyAtmosphere.FastSkyLUT:1]]
[2021.01.26-18.10.28:086][  0]LogConfig: Setting CVar [[r.SkyAtmosphere.FastSkyLUT.SampleCountMin:4.0]]
[2021.01.26-18.10.28:086][  0]LogConfig: Setting CVar [[r.SkyAtmosphere.FastSkyLUT.SampleCountMax:32.0]]
[2021.01.26-18.10.28:086][  0]LogConfig: Setting CVar [[r.SkyAtmosphere.SampleCountMin:4.0]]
[2021.01.26-18.10.28:086][  0]LogConfig: Setting CVar [[r.SkyAtmosphere.SampleCountMax:32.0]]
[2021.01.26-18.10.28:086][  0]LogConfig: Setting CVar [[r.SkyAtmosphere.TransmittanceLUT.UseSmallFormat:0]]
[2021.01.26-18.10.28:086][  0]LogConfig: Setting CVar [[r.SkyAtmosphere.TransmittanceLUT.SampleCount:10.0]]
[2021.01.26-18.10.28:086][  0]LogConfig: Setting CVar [[r.SkyAtmosphere.MultiScatteringLUT.SampleCount:15.0]]
[2021.01.26-18.10.28:086][  0]LogConfig: Applying CVar settings from Section [FoliageQuality@3] File [D:/Art Center/Bad Apple/Unreal_Bad_Apple/Saved/Config/Windows/Scalability.ini]
[2021.01.26-18.10.28:086][  0]LogConfig: Setting CVar [[foliage.DensityScale:1.0]]
[2021.01.26-18.10.28:086][  0]LogConfig: Setting CVar [[grass.DensityScale:1.0]]
[2021.01.26-18.10.28:086][  0]LogConfig: Applying CVar settings from Section [ShadingQuality@3] File [D:/Art Center/Bad Apple/Unreal_Bad_Apple/Saved/Config/Windows/Scalability.ini]
[2021.01.26-18.10.28:086][  0]LogConfig: Setting CVar [[r.HairStrands.SkyLighting.SampleCount:16]]
[2021.01.26-18.10.28:086][  0]LogConfig: Setting CVar [[r.HairStrands.SkyLighting.JitterIntegration:0]]
[2021.01.26-18.10.28:086][  0]LogConfig: Setting CVar [[r.HairStrands.SkyAO.SampleCount:16]]
[2021.01.26-18.10.28:086][  0]LogConfig: Setting CVar [[r.HairStrands.DeepShadow.SuperSampling:0]]
[2021.01.26-18.10.28:086][  0]LogConfig: Setting CVar [[r.HairStrands.VisibilityPPLL:0]]
[2021.01.26-18.10.28:086][  0]LogConfig: Setting CVar [[r.HairStrands.RasterizationScale:0.5]]
[2021.01.26-18.10.28:086][  0]LogConfig: Setting CVar [[r.HairStrands.VelocityRasterizationScale:1]]
[2021.01.26-18.10.28:087][  0]LogInit: Selected Device Profile: [Windows]
[2021.01.26-18.10.28:087][  0]LogInit: Applying CVar settings loaded from the selected device profile: [Windows]
[2021.01.26-18.10.28:088][  0]LogHAL: Display: Platform has ~ 32 GB [34298466304 / 34359738368 / 32], which maps to Largest [LargestMinGB=32, LargerMinGB=12, DefaultMinGB=8, SmallerMinGB=6, SmallestMinGB=0)
[2021.01.26-18.10.28:089][  0]LogInit: Going up to parent DeviceProfile []
[2021.01.26-18.10.28:089][  0]LogConfig: Applying CVar settings from Section [ViewDistanceQuality@3] File [D:/Art Center/Bad Apple/Unreal_Bad_Apple/Saved/Config/Windows/Scalability.ini]
[2021.01.26-18.10.28:089][  0]LogConfig: Setting CVar [[r.SkeletalMeshLODBias:0]]
[2021.01.26-18.10.28:089][  0]LogConfig: Setting CVar [[r.ViewDistanceScale:1.0]]
[2021.01.26-18.10.28:089][  0]LogConfig: Applying CVar settings from Section [AntiAliasingQuality@3] File [D:/Art Center/Bad Apple/Unreal_Bad_Apple/Saved/Config/Windows/Scalability.ini]
[2021.01.26-18.10.28:089][  0]LogConfig: Setting CVar [[r.PostProcessAAQuality:4]]
[2021.01.26-18.10.28:089][  0]LogConfig: Applying CVar settings from Section [ShadowQuality@3] File [D:/Art Center/Bad Apple/Unreal_Bad_Apple/Saved/Config/Windows/Scalability.ini]
[2021.01.26-18.10.28:089][  0]LogConfig: Setting CVar [[r.LightFunctionQuality:1]]
[2021.01.26-18.10.28:089][  0]LogConfig: Setting CVar [[r.ShadowQuality:5]]
[2021.01.26-18.10.28:089][  0]LogConfig: Setting CVar [[r.Shadow.CSM.MaxCascades:10]]
[2021.01.26-18.10.28:089][  0]LogConfig: Setting CVar [[r.Shadow.MaxResolution:2048]]
[2021.01.26-18.10.28:089][  0]LogConfig: Setting CVar [[r.Shadow.MaxCSMResolution:2048]]
[2021.01.26-18.10.28:089][  0]LogConfig: Setting CVar [[r.Shadow.RadiusThreshold:0.01]]
[2021.01.26-18.10.28:089][  0]LogConfig: Setting CVar [[r.Shadow.DistanceScale:1.0]]
[2021.01.26-18.10.28:089][  0]LogConfig: Setting CVar [[r.Shadow.CSM.TransitionScale:1.0]]
[2021.01.26-18.10.28:089][  0]LogConfig: Setting CVar [[r.Shadow.PreShadowResolutionFactor:1.0]]
[2021.01.26-18.10.28:089][  0]LogConfig: Setting CVar [[r.DistanceFieldShadowing:1]]
[2021.01.26-18.10.28:089][  0]LogConfig: Setting CVar [[r.DistanceFieldAO:1]]
[2021.01.26-18.10.28:089][  0]LogConfig: Setting CVar [[r.AOQuality:2]]
[2021.01.26-18.10.28:089][  0]LogConfig: Setting CVar [[r.VolumetricFog:1]]
[2021.01.26-18.10.28:089][  0]LogConfig: Setting CVar [[r.VolumetricFog.GridPixelSize:8]]
[2021.01.26-18.10.28:089][  0]LogConfig: Setting CVar [[r.VolumetricFog.GridSizeZ:128]]
[2021.01.26-18.10.28:089][  0]LogConfig: Setting CVar [[r.VolumetricFog.HistoryMissSupersampleCount:4]]
[2021.01.26-18.10.28:089][  0]LogConfig: Setting CVar [[r.LightMaxDrawDistanceScale:1]]
[2021.01.26-18.10.28:089][  0]LogConfig: Setting CVar [[r.CapsuleShadows:1]]
[2021.01.26-18.10.28:089][  0]LogConfig: Applying CVar settings from Section [PostProcessQuality@3] File [D:/Art Center/Bad Apple/Unreal_Bad_Apple/Saved/Config/Windows/Scalability.ini]
[2021.01.26-18.10.28:089][  0]LogConfig: Setting CVar [[r.MotionBlurQuality:4]]
[2021.01.26-18.10.28:089][  0]LogConfig: Setting CVar [[r.AmbientOcclusionMipLevelFactor:0.4]]
[2021.01.26-18.10.28:089][  0]LogConfig: Setting CVar [[r.AmbientOcclusionMaxQuality:100]]
[2021.01.26-18.10.28:089][  0]LogConfig: Setting CVar [[r.AmbientOcclusionLevels:-1]]
[2021.01.26-18.10.28:089][  0]LogConfig: Setting CVar [[r.AmbientOcclusionRadiusScale:1.0]]
[2021.01.26-18.10.28:089][  0]LogConfig: Setting CVar [[r.DepthOfFieldQuality:2]]
[2021.01.26-18.10.28:089][  0]LogConfig: Setting CVar [[r.RenderTargetPoolMin:400]]
[2021.01.26-18.10.28:089][  0]LogConfig: Setting CVar [[r.LensFlareQuality:2]]
[2021.01.26-18.10.28:089][  0]LogConfig: Setting CVar [[r.SceneColorFringeQuality:1]]
[2021.01.26-18.10.28:089][  0]LogConfig: Setting CVar [[r.EyeAdaptationQuality:2]]
[2021.01.26-18.10.28:089][  0]LogConfig: Setting CVar [[r.BloomQuality:5]]
[2021.01.26-18.10.28:089][  0]LogConfig: Setting CVar [[r.FastBlurThreshold:100]]
[2021.01.26-18.10.28:089][  0]LogConfig: Setting CVar [[r.Upscale.Quality:3]]
[2021.01.26-18.10.28:089][  0]LogConfig: Setting CVar [[r.Tonemapper.GrainQuantization:1]]
[2021.01.26-18.10.28:089][  0]LogConfig: Setting CVar [[r.LightShaftQuality:1]]
[2021.01.26-18.10.28:089][  0]LogConfig: Setting CVar [[r.Filter.SizeScale:1]]
[2021.01.26-18.10.28:089][  0]LogConfig: Setting CVar [[r.Tonemapper.Quality:5]]
[2021.01.26-18.10.28:089][  0]LogConfig: Setting CVar [[r.DOF.Gather.AccumulatorQuality:1        ; higher gathering accumulator quality]]
[2021.01.26-18.10.28:089][  0]LogConfig: Setting CVar [[r.DOF.Gather.PostfilterMethod:1          ; Median3x3 postfilering method]]
[2021.01.26-18.10.28:090][  0]LogConfig: Setting CVar [[r.DOF.Gather.EnableBokehSettings:0       ; no bokeh simulation when gathering]]
[2021.01.26-18.10.28:090][  0]LogConfig: Setting CVar [[r.DOF.Gather.RingCount:4                 ; medium number of samples when gathering]]
[2021.01.26-18.10.28:090][  0]LogConfig: Setting CVar [[r.DOF.Scatter.ForegroundCompositing:1    ; additive foreground scattering]]
[2021.01.26-18.10.28:090][  0]LogConfig: Setting CVar [[r.DOF.Scatter.BackgroundCompositing:2    ; additive background scattering]]
[2021.01.26-18.10.28:090][  0]LogConfig: Setting CVar [[r.DOF.Scatter.EnableBokehSettings:1      ; bokeh simulation when scattering]]
[2021.01.26-18.10.28:090][  0]LogConfig: Setting CVar [[r.DOF.Scatter.MaxSpriteRatio:0.1         ; only a maximum of 10% of scattered bokeh]]
[2021.01.26-18.10.28:090][  0]LogConfig: Setting CVar [[r.DOF.Recombine.Quality:1                ; cheap slight out of focus]]
[2021.01.26-18.10.28:090][  0]LogConfig: Setting CVar [[r.DOF.Recombine.EnableBokehSettings:0    ; no bokeh simulation on slight out of focus]]
[2021.01.26-18.10.28:090][  0]LogConfig: Setting CVar [[r.DOF.TemporalAAQuality:1                ; more stable temporal accumulation]]
[2021.01.26-18.10.28:090][  0]LogConfig: Setting CVar [[r.DOF.Kernel.MaxForegroundRadius:0.025]]
[2021.01.26-18.10.28:090][  0]LogConfig: Setting CVar [[r.DOF.Kernel.MaxBackgroundRadius:0.025]]
[2021.01.26-18.10.28:090][  0]LogConfig: Applying CVar settings from Section [TextureQuality@3] File [D:/Art Center/Bad Apple/Unreal_Bad_Apple/Saved/Config/Windows/Scalability.ini]
[2021.01.26-18.10.28:090][  0]LogConfig: Setting CVar [[r.Streaming.MipBias:0]]
[2021.01.26-18.10.28:090][  0]LogConfig: Setting CVar [[r.Streaming.AmortizeCPUToGPUCopy:0]]
[2021.01.26-18.10.28:090][  0]LogConfig: Setting CVar [[r.Streaming.MaxNumTexturesToStreamPerFrame:0]]
[2021.01.26-18.10.28:090][  0]LogConfig: Setting CVar [[r.Streaming.Boost:1]]
[2021.01.26-18.10.28:090][  0]LogConfig: Setting CVar [[r.MaxAnisotropy:8]]
[2021.01.26-18.10.28:090][  0]LogConfig: Setting CVar [[r.VT.MaxAnisotropy:8]]
[2021.01.26-18.10.28:090][  0]LogConfig: Setting CVar [[r.Streaming.LimitPoolSizeToVRAM:0]]
[2021.01.26-18.10.28:090][  0]LogConfig: Setting CVar [[r.Streaming.PoolSize:1000]]
[2021.01.26-18.10.28:090][  0]LogConfig: Setting CVar [[r.Streaming.MaxEffectiveScreenSize:0]]
[2021.01.26-18.10.28:090][  0]LogConfig: Applying CVar settings from Section [EffectsQuality@3] File [D:/Art Center/Bad Apple/Unreal_Bad_Apple/Saved/Config/Windows/Scalability.ini]
[2021.01.26-18.10.28:090][  0]LogConfig: Setting CVar [[r.TranslucencyLightingVolumeDim:64]]
[2021.01.26-18.10.28:090][  0]LogConfig: Setting CVar [[r.RefractionQuality:2]]
[2021.01.26-18.10.28:090][  0]LogConfig: Setting CVar [[r.SSR.Quality:3]]
[2021.01.26-18.10.28:090][  0]LogConfig: Setting CVar [[r.SSR.HalfResSceneColor:0]]
[2021.01.26-18.10.28:090][  0]LogConfig: Setting CVar [[r.SceneColorFormat:4]]
[2021.01.26-18.10.28:090][  0]LogConfig: Setting CVar [[r.DetailMode:2]]
[2021.01.26-18.10.28:090][  0]LogConfig: Setting CVar [[r.TranslucencyVolumeBlur:1]]
[2021.01.26-18.10.28:090][  0]LogConfig: Setting CVar [[r.MaterialQualityLevel:1 ; High quality]]
[2021.01.26-18.10.28:090][  0]LogConfig: Setting CVar [[r.SSS.Scale:1]]
[2021.01.26-18.10.28:090][  0]LogConfig: Setting CVar [[r.SSS.SampleSet:2]]
[2021.01.26-18.10.28:090][  0]LogConfig: Setting CVar [[r.SSS.Quality:1]]
[2021.01.26-18.10.28:090][  0]LogConfig: Setting CVar [[r.SSS.HalfRes:0]]
[2021.01.26-18.10.28:090][  0]LogConfig: Setting CVar [[r.SSGI.Quality:3]]
[2021.01.26-18.10.28:090][  0]LogConfig: Setting CVar [[r.EmitterSpawnRateScale:1.0]]
[2021.01.26-18.10.28:090][  0]LogConfig: Setting CVar [[r.ParticleLightQuality:2]]
[2021.01.26-18.10.28:090][  0]LogConfig: Setting CVar [[r.SkyAtmosphere.AerialPerspectiveLUT.FastApplyOnOpaque:1 ; Always have FastSkyLUT 1 in this case to avoid wrong sky]]
[2021.01.26-18.10.28:090][  0]LogConfig: Setting CVar [[r.SkyAtmosphere.AerialPerspectiveLUT.SampleCountPerSlice:1]]
[2021.01.26-18.10.28:090][  0]LogConfig: Setting CVar [[r.SkyAtmosphere.AerialPerspectiveLUT.DepthResolution:16.0]]
[2021.01.26-18.10.28:090][  0]LogConfig: Setting CVar [[r.SkyAtmosphere.FastSkyLUT:1]]
[2021.01.26-18.10.28:090][  0]LogConfig: Setting CVar [[r.SkyAtmosphere.FastSkyLUT.SampleCountMin:4.0]]
[2021.01.26-18.10.28:090][  0]LogConfig: Setting CVar [[r.SkyAtmosphere.FastSkyLUT.SampleCountMax:32.0]]
[2021.01.26-18.10.28:090][  0]LogConfig: Setting CVar [[r.SkyAtmosphere.SampleCountMin:4.0]]
[2021.01.26-18.10.28:090][  0]LogConfig: Setting CVar [[r.SkyAtmosphere.SampleCountMax:32.0]]
[2021.01.26-18.10.28:090][  0]LogConfig: Setting CVar [[r.SkyAtmosphere.TransmittanceLUT.UseSmallFormat:0]]
[2021.01.26-18.10.28:090][  0]LogConfig: Setting CVar [[r.SkyAtmosphere.TransmittanceLUT.SampleCount:10.0]]
[2021.01.26-18.10.28:090][  0]LogConfig: Setting CVar [[r.SkyAtmosphere.MultiScatteringLUT.SampleCount:15.0]]
[2021.01.26-18.10.28:090][  0]LogConfig: Applying CVar settings from Section [FoliageQuality@3] File [D:/Art Center/Bad Apple/Unreal_Bad_Apple/Saved/Config/Windows/Scalability.ini]
[2021.01.26-18.10.28:090][  0]LogConfig: Setting CVar [[foliage.DensityScale:1.0]]
[2021.01.26-18.10.28:090][  0]LogConfig: Setting CVar [[grass.DensityScale:1.0]]
[2021.01.26-18.10.28:090][  0]LogConfig: Applying CVar settings from Section [ShadingQuality@3] File [D:/Art Center/Bad Apple/Unreal_Bad_Apple/Saved/Config/Windows/Scalability.ini]
[2021.01.26-18.10.28:090][  0]LogConfig: Setting CVar [[r.HairStrands.SkyLighting.SampleCount:16]]
[2021.01.26-18.10.28:090][  0]LogConfig: Setting CVar [[r.HairStrands.SkyLighting.JitterIntegration:0]]
[2021.01.26-18.10.28:090][  0]LogConfig: Setting CVar [[r.HairStrands.SkyAO.SampleCount:16]]
[2021.01.26-18.10.28:090][  0]LogConfig: Setting CVar [[r.HairStrands.DeepShadow.SuperSampling:0]]
[2021.01.26-18.10.28:090][  0]LogConfig: Setting CVar [[r.HairStrands.VisibilityPPLL:0]]
[2021.01.26-18.10.28:090][  0]LogConfig: Setting CVar [[r.HairStrands.RasterizationScale:0.5]]
[2021.01.26-18.10.28:090][  0]LogConfig: Setting CVar [[r.HairStrands.VelocityRasterizationScale:1]]
[2021.01.26-18.10.28:090][  0]LogConfig: Applying CVar settings from Section [Startup] File [../../../Engine/Config/ConsoleVariables.ini]
[2021.01.26-18.10.28:096][  0]LogConfig: Setting CVar [[net.UseAdaptiveNetUpdateFrequency:0]]
[2021.01.26-18.10.28:096][  0]LogConfig: Setting CVar [[p.chaos.AllowCreatePhysxBodies:1]]
[2021.01.26-18.10.28:096][  0]LogConfig: Setting CVar [[fx.SkipVectorVMBackendOptimizations:1]]
[2021.01.26-18.10.28:096][  0]LogConfig: Applying CVar settings from Section [ConsoleVariables] File [D:/Art Center/Bad Apple/Unreal_Bad_Apple/Saved/Config/Windows/Engine.ini]
[2021.01.26-18.10.28:097][  0]LogInit: Computer: NOAH102-PC
[2021.01.26-18.10.28:097][  0]LogInit: User: angel
[2021.01.26-18.10.28:097][  0]LogInit: CPU Page size=4096, Cores=4
[2021.01.26-18.10.28:097][  0]LogInit: High frequency timer resolution =10.000000 MHz
[2021.01.26-18.10.28:097][  0]LogMemory: Memory total: Physical=31.9GB (32GB approx)
[2021.01.26-18.10.28:097][  0]LogMemory: Platform Memory Stats for Windows
[2021.01.26-18.10.28:097][  0]LogMemory: Process Physical Memory: 115.55 MB used, 115.55 MB peak
[2021.01.26-18.10.28:097][  0]LogMemory: Process Virtual Memory: 97.05 MB used, 97.05 MB peak
[2021.01.26-18.10.28:097][  0]LogMemory: Physical Memory: 9835.78 MB used,  22873.79 MB free, 32709.57 MB total
[2021.01.26-18.10.28:097][  0]LogMemory: Virtual Memory: 5144.89 MB used,  134212584.00 MB free, 134217728.00 MB total
[2021.01.26-18.10.28:103][  0]LogWindows: WindowsPlatformFeatures enabled
[2021.01.26-18.10.28:319][  0]LogInit: Physics initialised using underlying interface: PhysX
[2021.01.26-18.10.28:324][  0]LogInit: Using OS detected language (en-US).
[2021.01.26-18.10.28:324][  0]LogInit: Using OS detected locale (en-US).
[2021.01.26-18.10.28:340][  0]LogTextLocalizationManager: No specific localization for 'en-US' exists, so the 'en' localization will be used.
[2021.01.26-18.10.28:670][  0]LogInit: Setting process to per monitor DPI aware
[2021.01.26-18.10.28:768][  0]LogSlate: New Slate User Created.  User Index 0, Is Virtual User: 0
[2021.01.26-18.10.28:768][  0]LogSlate: Slate User Registered.  User Index 0, Is Virtual User: 0
[2021.01.26-18.10.31:377][  0]LogHMD: Failed to initialize OpenVR with code 110
[2021.01.26-18.10.31:377][  0]LogD3D11RHI: D3D11 min allowed feature level: 11_0
[2021.01.26-18.10.31:377][  0]LogD3D11RHI: D3D11 max allowed feature level: 11_0
[2021.01.26-18.10.31:377][  0]LogD3D11RHI: D3D11 adapters:
[2021.01.26-18.10.31:442][  0]LogD3D11RHI:    0. 'NVIDIA Quadro K4000' (Feature Level 11_0)
[2021.01.26-18.10.31:442][  0]LogD3D11RHI:       3040/0/16354 MB DedicatedVideo/DedicatedSystem/SharedSystem, Outputs:1, VendorId:0x10de
[2021.01.26-18.10.31:444][  0]LogD3D11RHI:    1. 'Microsoft Basic Render Driver' (Feature Level 11_0)
[2021.01.26-18.10.31:444][  0]LogD3D11RHI:       0/0/16354 MB DedicatedVideo/DedicatedSystem/SharedSystem, Outputs:0, VendorId:0x1414
[2021.01.26-18.10.31:444][  0]LogD3D11RHI: Chosen D3D11 Adapter: 0
[2021.01.26-18.10.31:456][  0]LogD3D11RHI: Creating new Direct3DDevice
[2021.01.26-18.10.31:456][  0]LogD3D11RHI:     GPU DeviceId: 0x11fa (for the marketing name, search the web for "GPU Device Id")
[2021.01.26-18.10.31:456][  0]LogWindows: EnumDisplayDevices:
[2021.01.26-18.10.31:456][  0]LogWindows:    0. 'NVIDIA Quadro K4000' (P:1 D:1)
[2021.01.26-18.10.31:457][  0]LogWindows:    1. 'NVIDIA Quadro K4000' (P:0 D:0)
[2021.01.26-18.10.31:457][  0]LogWindows:    2. 'NVIDIA Quadro K4000' (P:0 D:0)
[2021.01.26-18.10.31:457][  0]LogWindows:    3. 'NVIDIA Quadro K4000' (P:0 D:0)
[2021.01.26-18.10.31:457][  0]LogWindows: DebugString: FoundDriverCount:4 
[2021.01.26-18.10.31:457][  0]LogD3D11RHI:     Adapter Name: NVIDIA Quadro K4000
[2021.01.26-18.10.31:457][  0]LogD3D11RHI:   Driver Version: 388.16 (internal:23.21.13.8816, unified:388.16)
[2021.01.26-18.10.31:457][  0]LogD3D11RHI:      Driver Date: 10-30-2017
[2021.01.26-18.10.31:457][  0]LogRHI: Texture pool is 2128 MB (70% of 3040 MB)
[2021.01.26-18.10.31:494][  0]LogD3D11RHI: RHI does not have support for 64 bit atomics
[2021.01.26-18.10.31:494][  0]LogD3D11RHI: Async texture creation enabled
[2021.01.26-18.10.31:574][  0]LogD3D11RHI: GPU Timing Frequency: 1000.000000 (Debug: 2 2)
[2021.01.26-18.10.31:991][  0]LogTargetPlatformManager: Display: Loaded TargetPlatform 'AllDesktop'
[2021.01.26-18.10.32:012][  0]LogTargetPlatformManager: Display: Loaded TargetPlatform 'Android'
[2021.01.26-18.10.32:012][  0]LogTargetPlatformManager: Display: Loaded TargetPlatform 'Android_ASTC'
[2021.01.26-18.10.32:012][  0]LogTargetPlatformManager: Display: Loaded TargetPlatform 'Android_DXT'
[2021.01.26-18.10.32:012][  0]LogTargetPlatformManager: Display: Loaded TargetPlatform 'Android_ETC2'
[2021.01.26-18.10.32:012][  0]LogTargetPlatformManager: Display: Loaded TargetPlatform 'AndroidClient'
[2021.01.26-18.10.32:012][  0]LogTargetPlatformManager: Display: Loaded TargetPlatform 'Android_ASTCClient'
[2021.01.26-18.10.32:012][  0]LogTargetPlatformManager: Display: Loaded TargetPlatform 'Android_DXTClient'
[2021.01.26-18.10.32:012][  0]LogTargetPlatformManager: Display: Loaded TargetPlatform 'Android_ETC2Client'
[2021.01.26-18.10.32:012][  0]LogTargetPlatformManager: Display: Loaded TargetPlatform 'Android_Multi'
[2021.01.26-18.10.32:012][  0]LogTargetPlatformManager: Display: Loaded TargetPlatform 'Android_MultiClient'
[2021.01.26-18.10.32:048][  0]LogTargetPlatformManager: Display: Loaded TargetPlatform 'IOSClient'
[2021.01.26-18.10.32:048][  0]LogTargetPlatformManager: Display: Loaded TargetPlatform 'IOS'
[2021.01.26-18.10.32:068][  0]LogTargetPlatformManager: Display: Loaded TargetPlatform 'Linux'
[2021.01.26-18.10.32:079][  0]LogTargetPlatformManager: Display: Loaded TargetPlatform 'LinuxNoEditor'
[2021.01.26-18.10.32:089][  0]LogTargetPlatformManager: Display: Loaded TargetPlatform 'LinuxClient'
[2021.01.26-18.10.32:100][  0]LogTargetPlatformManager: Display: Loaded TargetPlatform 'LinuxServer'
[2021.01.26-18.10.32:111][  0]LogTargetPlatformManager: Display: Loaded TargetPlatform 'LinuxAArch64NoEditor'
[2021.01.26-18.10.32:122][  0]LogTargetPlatformManager: Display: Loaded TargetPlatform 'LinuxAArch64Client'
[2021.01.26-18.10.32:133][  0]LogTargetPlatformManager: Display: Loaded TargetPlatform 'LinuxAArch64Server'
[2021.01.26-18.10.32:164][  0]LogTargetPlatformManager: Display: Loaded TargetPlatform 'Lumin'
[2021.01.26-18.10.32:164][  0]LogTargetPlatformManager: Display: Loaded TargetPlatform 'LuminClient'
[2021.01.26-18.10.32:185][  0]LogTargetPlatformManager: Display: Loaded TargetPlatform 'TVOSClient'
[2021.01.26-18.10.32:185][  0]LogTargetPlatformManager: Display: Loaded TargetPlatform 'TVOS'
[2021.01.26-18.10.32:197][  0]LogTargetPlatformManager: Display: Loaded TargetPlatform 'WindowsNoEditor'
[2021.01.26-18.10.32:209][  0]LogTargetPlatformManager: Display: Loaded TargetPlatform 'Windows'
[2021.01.26-18.10.32:221][  0]LogTargetPlatformManager: Display: Loaded TargetPlatform 'WindowsClient'
[2021.01.26-18.10.32:231][  0]LogTargetPlatformManager: Display: Loaded TargetPlatform 'WindowsServer'
[2021.01.26-18.10.32:231][  0]LogTargetPlatformManager: Display: Building Assets For Windows
[2021.01.26-18.10.32:279][  0]LogAudioDebug: Display: Lib vorbis DLL was dynamically loaded.
[2021.01.26-18.10.32:404][  0]LogShaderCompilers: Guid format shader working directory is 5 characters bigger than the processId version (D:/Art Center/Bad Apple/Unreal_Bad_Apple/Intermediate/Shaders/WorkingDirectory/36116/).
[2021.01.26-18.10.32:405][  0]LogShaderCompilers: Cleaned the shader compiler working directory 'C:/Users/angel/AppData/Local/Temp/UnrealShaderWorkingDir/390DCF5D46D30551161004A29D00D4ED/'.
[2021.01.26-18.10.32:406][  0]LogXGEController: Cleaning working directory: C:/Users/angel/AppData/Local/Temp/UnrealXGEWorkingDir/
[2021.01.26-18.10.32:406][  0]LogXGEController: Cannot use XGE Controller as Incredibuild is not installed on this machine.
[2021.01.26-18.10.32:406][  0]LogShaderCompilers: Cannot use XGE Shader Compiler as Incredibuild is not installed on this machine.
[2021.01.26-18.10.32:406][  0]LogShaderCompilers: Display: Using Local Shader Compiler.
[2021.01.26-18.10.35:333][  0]LogDerivedDataCache: Display: Max Cache Size: 512 MB
[2021.01.26-18.10.35:526][  0]LogDerivedDataCache: Loaded boot cache 0.19s 75MB C:/Users/angel/AppData/Local/UnrealEngine/4.25/DerivedDataCache/Boot.ddc.
[2021.01.26-18.10.35:526][  0]LogDerivedDataCache: Display: Loaded Boot cache: C:/Users/angel/AppData/Local/UnrealEngine/4.25/DerivedDataCache/Boot.ddc
[2021.01.26-18.10.35:527][  0]LogDerivedDataCache: FDerivedDataBackendGraph:  Pak pak cache file D:/Art Center/Bad Apple/Unreal_Bad_Apple/DerivedDataCache/DDC.ddp not found, will not use a pak cache.
[2021.01.26-18.10.35:527][  0]LogDerivedDataCache: Unable to find inner node Pak for hierarchical cache Hierarchy.
[2021.01.26-18.10.35:527][  0]LogDerivedDataCache: FDerivedDataBackendGraph:  CompressedPak pak cache file D:/Art Center/Bad Apple/Unreal_Bad_Apple/DerivedDataCache/Compressed.ddp not found, will not use a pak cache.
[2021.01.26-18.10.35:527][  0]LogDerivedDataCache: Unable to find inner node CompressedPak for hierarchical cache Hierarchy.
[2021.01.26-18.10.35:545][  0]LogDerivedDataCache: Display: Pak cache opened for reading ../../../Engine/DerivedDataCache/Compressed.ddp.
[2021.01.26-18.10.35:545][  0]LogDerivedDataCache: FDerivedDataBackendGraph:  EnterprisePak pak cache file ../../../Enterprise/DerivedDataCache/Compressed.ddp not found, will not use a pak cache.
[2021.01.26-18.10.35:545][  0]LogDerivedDataCache: Unable to find inner node EnterprisePak for hierarchical cache Hierarchy.
[2021.01.26-18.10.35:547][  0]LogDerivedDataCache: Using Local data cache path C:/Users/angel/AppData/Local/UnrealEngine/Common/DerivedDataCache: Writable
[2021.01.26-18.10.35:547][  0]LogDerivedDataCache: Shared data cache path not found in *engine.ini, will not use an Shared cache.
[2021.01.26-18.10.35:547][  0]LogDerivedDataCache: Unable to find inner node Shared for hierarchical cache Hierarchy.
[2021.01.26-18.10.35:596][  0]LogSlate: Using FreeType 2.10.0
[2021.01.26-18.10.35:614][  0]LogSlate: SlateFontServices - WITH_FREETYPE: 1, WITH_HARFBUZZ: 1
[2021.01.26-18.10.35:661][  0]LogAssetRegistry: FAssetRegistry took 0.0033 seconds to start up
[2021.01.26-18.10.35:962][  0]LogInit: Selected Device Profile: [Windows]
[2021.01.26-18.10.36:223][  0]LogMeshReduction: Using QuadricMeshReduction for automatic static mesh reduction
[2021.01.26-18.10.36:223][  0]LogMeshReduction: Using SimplygonMeshReduction for automatic skeletal mesh reduction
[2021.01.26-18.10.36:223][  0]LogMeshReduction: Using ProxyLODMeshReduction for automatic mesh merging
[2021.01.26-18.10.36:223][  0]LogMeshReduction: No distributed automatic mesh merging module available
[2021.01.26-18.10.36:223][  0]LogMeshMerging: No distributed automatic mesh merging module available
[2021.01.26-18.10.36:289][  0]LogNetVersion: Unreal_Bad_Apple 1.0.0, NetCL: 13144385, EngineNetVer: 14, GameNetVer: 0 (Checksum: 4096737278)
[2021.01.26-18.10.37:668][  0]LogAISub: UAISubsystem::UAISubsystem AISubsystem (00000280F2D7A980), frame # 0
[2021.01.26-18.10.37:668][  0]LogAISub: UAISubsystem::UAISubsystem AIPerceptionSystem (00000280F2C4C540), frame # 0
[2021.01.26-18.10.37:672][  0]LogAISub: UAISubsystem::UAISubsystem EnvQueryManager (00000280F2C71C00), frame # 0
[2021.01.26-18.10.37:779][  0]LogPackageLocalizationCache: Processed 19 localized package path(s) for 1 prioritized culture(s) in 0.075454 seconds
[2021.01.26-18.10.37:785][  0]LogUObjectArray: 15917 objects as part of root set at end of initial load.
[2021.01.26-18.10.37:785][  0]LogUObjectAllocator: 3965568 out of 0 bytes used by permanent object pool.
[2021.01.26-18.10.37:785][  0]LogUObjectArray: CloseDisregardForGC: 0/0 objects in disregard for GC pool
[2021.01.26-18.10.38:764][  0]LogTcpMessaging: Initializing TcpMessaging bridge
[2021.01.26-18.10.38:771][  0]LogUdpMessaging: Initializing bridge on interface 0.0.0.0:0 to multicast group 230.0.0.1:6666.
[2021.01.26-18.10.38:919][  0]SourceControl: Source control is disabled
[2021.01.26-18.10.38:919][  0]SourceControl: Source control is disabled
[2021.01.26-18.10.38:929][  0]SourceControl: Source control is disabled
[2021.01.26-18.10.38:936][  0]SourceControl: Source control is disabled
[2021.01.26-18.10.38:947][  0]SourceControl: Source control is disabled
[2021.01.26-18.10.38:965][  0]LogVSAccessor: Display: Unable to create Visual Studio setup instance: 80040154
[2021.01.26-18.10.38:966][  0]LogVSAccessor: Display: Unable to create Visual Studio setup instance: 80040154
[2021.01.26-18.10.39:391][  0]LogAndroidPermission: UAndroidPermissionCallbackProxy::GetInstance
[2021.01.26-18.10.39:419][  0]LogAudioCaptureCore: Display: No Audio Capture implementations found. Audio input will be silent.
[2021.01.26-18.10.39:419][  0]LogAudioCaptureCore: Display: No Audio Capture implementations found. Audio input will be silent.
[2021.01.26-18.10.39:514][  0]LogOcInput: OculusInput pre-init called
[2021.01.26-18.10.39:535][  0]LogWindows: Failed to load 'OVRPlugin.dll' (GetLastError=126)
[2021.01.26-18.10.39:535][  0]LogWindows: File 'OVRPlugin.dll' does not exist
[2021.01.26-18.10.39:668][  0]LogEngine: Initializing Engine...
[2021.01.26-18.10.39:670][  0]LogHMD: Failed to initialize OpenVR with code 110
[2021.01.26-18.10.39:670][  0]LogMagicLeap: Warning: VR disabled because ZI is not enabled.  To enable, in the editor, Edit -> Project Settings -> Plugins -> Magic Leap Plugin -> Enable Zero Iteration
[2021.01.26-18.10.39:673][  0]LogStats: UGameplayTagsManager::InitializeManager -  0.001 s
[2021.01.26-18.10.39:981][  0]LogInit: Initializing FReadOnlyCVARCache
[2021.01.26-18.10.40:012][  0]LogAIModule: Creating AISystem for world Untitled
[2021.01.26-18.10.40:012][  0]LogAISub: UAISubsystem::UAISubsystem EnvQueryManager (00000280F5AB0600), frame # 0
[2021.01.26-18.10.40:012][  0]LogAISub: UAISubsystem::UAISubsystem AIPerceptionSystem (00000280F5AC1580), frame # 0
[2021.01.26-18.10.40:023][  0]LogAudioMixer: Display: Audio Mixer Platform Settings:
[2021.01.26-18.10.40:023][  0]LogAudioMixer: Display: 	Sample Rate:						  48000
[2021.01.26-18.10.40:023][  0]LogAudioMixer: Display: 	Callback Buffer Frame Size Requested: 1024
[2021.01.26-18.10.40:023][  0]LogAudioMixer: Display: 	Callback Buffer Frame Size To Use:	  1024
[2021.01.26-18.10.40:023][  0]LogAudioMixer: Display: 	Number of buffers to queue:			  2
[2021.01.26-18.10.40:023][  0]LogAudioMixer: Display: 	Max Channels (voices):				  32
[2021.01.26-18.10.40:023][  0]LogAudioMixer: Display: 	Number of Async Source Workers:		  0
[2021.01.26-18.10.40:023][  0]LogAudio: Display: AudioDevice MaxSources: 32
[2021.01.26-18.10.40:024][  0]LogAudio: Display: Using built-in audio occlusion.
[2021.01.26-18.10.40:024][  0]LogAudioMixer: Display: Initializing audio mixer.
[2021.01.26-18.10.40:052][  0]LogAudioMixer: Display: 0: FrontLeft
[2021.01.26-18.10.40:052][  0]LogAudioMixer: Display: 1: FrontRight
[2021.01.26-18.10.40:163][  0]LogAudioMixer: Display: Using Audio Device DELL S2817Q-4 (NVIDIA High Definition Audio)
[2021.01.26-18.10.40:166][  0]LogAudioMixer: Display: Initializing Sound Submixes...
[2021.01.26-18.10.40:189][  0]LogAudioMixer: Display: Creating Master Submix 'MasterSubmixDefault'
[2021.01.26-18.10.40:189][  0]LogAudioMixer: Display: Creating Master Submix 'MasterReverbSubmixDefault'
[2021.01.26-18.10.40:191][  0]LogAudioMixer: Display: Creating Master Submix 'MasterEQSubmixDefault'
[2021.01.26-18.10.40:192][  0]LogInit: FAudioDevice initialized.
[2021.01.26-18.10.40:192][  0]LogNetVersion: Set ProjectVersion to 1.0.0.0. Version Checksum will be recalculated on next use.
[2021.01.26-18.10.40:277][  0]LogDerivedDataCache: Saved boot cache 0.08s 75MB C:/Users/angel/AppData/Local/UnrealEngine/4.25/DerivedDataCache/Boot.ddc.
[2021.01.26-18.10.40:282][  0]LogInit: Texture streaming: Enabled
[2021.01.26-18.10.40:309][  0]LogEngineSessionManager: EngineSessionManager initialized
[2021.01.26-18.10.40:309][  0]LogEditorSessionSummary: Verbose: Initializing EditorSessionSummaryWriter for editor session tracking
[2021.01.26-18.10.40:318][  0]LogEditorSessionSummary: EditorSessionSummaryWriter initialized
[2021.01.26-18.10.40:412][  0]LogInit: Transaction tracking system initialized
[2021.01.26-18.10.40:455][  0]BlueprintLog: New page: Editor Load
[2021.01.26-18.10.40:616][  0]LocalizationService: Localization service is disabled
[2021.01.26-18.10.40:788][  0]LogVSAccessor: Display: Unable to create Visual Studio setup instance: 80040154
[2021.01.26-18.10.40:789][  0]LogVSAccessor: Display: Unable to create Visual Studio setup instance: 80040154
[2021.01.26-18.10.41:276][  0]LogCook: Display: Max memory allowance for cook 16384mb min free memory 0mb
[2021.01.26-18.10.41:277][  0]LogCook: Display: Mobile HDR setting 1
[2021.01.26-18.10.41:506][  0]LogFileCache: Scanning file cache for directory 'D:/Art Center/Bad Apple/Unreal_Bad_Apple/Content/' took 0.01s
[2021.01.26-18.10.41:832][  0]SourceControl: Source control is disabled
[2021.01.26-18.10.41:833][  0]LogUnrealEdMisc: Loading editor; pre map load, took 18.853
[2021.01.26-18.10.41:834][  0]Cmd: MAP LOAD FILE="D:/Art Center/Bad Apple/Unreal_Bad_Apple/Content/ThirdPersonBP/Maps/ThirdPersonExampleMap.umap" TEMPLATE=0 SHOWPROGRESS=1 FEATURELEVEL=3
[2021.01.26-18.10.41:855][  0]LightingResults: New page: Lighting Build
[2021.01.26-18.10.41:860][  0]LogWorld: UWorld::CleanupWorld for Untitled, bSessionEnded=true, bCleanupResources=true
[2021.01.26-18.10.41:860][  0]LogSlate: InvalidateAllWidgets triggered.  All widgets were invalidated
[2021.01.26-18.10.41:861][  0]MapCheck: New page: Map Check
[2021.01.26-18.10.41:861][  0]LightingResults: New page: Lighting Build
[2021.01.26-18.10.41:874][  0]LogAISub: UAISubsystem::~UAISubsystem EnvQueryManager (00000280F5AB0600), frame # 0
[2021.01.26-18.10.41:874][  0]LogAISub: UAISubsystem::~UAISubsystem AIPerceptionSystem (00000280F5AC1580), frame # 0
[2021.01.26-18.10.41:875][  0]LogUObjectHash: Compacting FUObjectHashTables data took   0.67ms
[2021.01.26-18.10.42:778][  0]LogAIModule: Creating AISystem for world ThirdPersonExampleMap
[2021.01.26-18.10.42:778][  0]LogAISub: UAISubsystem::UAISubsystem EnvQueryManager (0000028084777E00), frame # 0
[2021.01.26-18.10.42:778][  0]LogAISub: UAISubsystem::UAISubsystem AIPerceptionSystem (0000028082C88900), frame # 0
[2021.01.26-18.10.42:805][  0]LogEditorServer: Finished looking for orphan Actors (0.000 secs)
[2021.01.26-18.10.42:819][  0]LogUObjectHash: Compacting FUObjectHashTables data took   0.84ms
[2021.01.26-18.10.42:819][  0]Cmd: MAP CHECKDEP NOCLEARLOG
[2021.01.26-18.10.42:819][  0]MapCheck: Map check complete: 0 Error(s), 0 Warning(s), took 0.372ms to complete.
[2021.01.26-18.10.42:819][  0]LogFileHelpers: Loading map 'ThirdPersonExampleMap' took 0.986
[2021.01.26-18.10.42:846][  0]LogUnrealEdMisc: Total Editor Startup Time, took 19.867
[2021.01.26-18.10.43:046][  0]LogSlate: Updating window title bar state: overlay mode, drag disabled, window buttons hidden, title bar hidden
[2021.01.26-18.10.43:053][  0]LogSlate: Updating window title bar state: overlay mode, drag disabled, window buttons hidden, title bar hidden
[2021.01.26-18.10.43:061][  0]LogSlate: Updating window title bar state: overlay mode, drag disabled, window buttons hidden, title bar hidden
[2021.01.26-18.10.43:067][  0]LogSlate: Updating window title bar state: overlay mode, drag disabled, window buttons hidden, title bar hidden
[2021.01.26-18.10.43:085][  0]LogCollectionManager: Loaded 0 collections in 0.002749 seconds
[2021.01.26-18.10.43:109][  0]LogFileCache: Scanning file cache for directory 'D:/Art Center/Bad Apple/Unreal_Bad_Apple/Saved/Collections/' took 0.00s
[2021.01.26-18.10.43:109][  0]LogFileCache: Scanning file cache for directory 'D:/Art Center/Bad Apple/Unreal_Bad_Apple/Content/Developers/angel/Collections/' took 0.00s
[2021.01.26-18.10.43:109][  0]LogFileCache: Scanning file cache for directory 'D:/Art Center/Bad Apple/Unreal_Bad_Apple/Content/Collections/' took 0.00s
[2021.01.26-18.10.43:109][  0]LogContentBrowser: Native class hierarchy populated in 0.0079 seconds. Added 3427 classes and 821 folders.
[2021.01.26-18.10.43:116][  0]LogContentBrowser: Native class hierarchy updated for 'WidgetCarousel' in 0.0003 seconds. Added 0 classes and 0 folders.
[2021.01.26-18.10.43:455][  0]LogContentBrowser: Native class hierarchy updated for 'AddContentDialog' in 0.0003 seconds. Added 0 classes and 0 folders.
[2021.01.26-18.10.43:463][  0]LogContentBrowser: Native class hierarchy updated for 'SceneOutliner' in 0.0002 seconds. Added 2 classes and 0 folders.
[2021.01.26-18.10.43:585][  0]LogSlate: Took 0.005994 seconds to synchronously load lazily loaded font '../../../Engine/Content/Slate/Fonts/Roboto-Regular.ttf' (155K)
[2021.01.26-18.10.43:593][  0]LogSlate: Took 0.005576 seconds to synchronously load lazily loaded font '../../../Engine/Content/Slate/Fonts/Roboto-Bold.ttf' (160K)
[2021.01.26-18.10.43:603][  0]LogSlate: Took 0.006125 seconds to synchronously load lazily loaded font '../../../Engine/Content/Editor/Slate/Fonts/FontAwesome.ttf' (139K)
[2021.01.26-18.10.43:705][  0]LogRenderer: Reallocating scene render targets to support 1400x640 Format 10 NumSamples 1 (Frame:1).
[2021.01.26-18.10.43:918][  0]LogContentBrowser: Native class hierarchy updated for 'HierarchicalLODOutliner' in 0.0003 seconds. Added 0 classes and 0 folders.
[2021.01.26-18.10.43:918][  0]LogLoad: (Engine Initialization) Total time: 20.94 seconds
[2021.01.26-18.10.43:918][  0]LogLoad: (Engine Initialization) Total Blueprint compile time: 0.00 seconds
[2021.01.26-18.10.43:960][  0]LogAssetRegistry: Asset discovery search completed in 8.3002 seconds
[2021.01.26-18.10.43:964][  0]LogCollectionManager: Fixed up redirectors for 0 collections in 0.000003 seconds (updated 0 objects)
[2021.01.26-18.10.43:967][  0]LogContentStreaming: Texture pool size now 1000 MB
[2021.01.26-18.11.51:350][124]LogSlate: Took 0.009147 seconds to synchronously load lazily loaded font '../../../Engine/Content/Slate/Fonts/Roboto-Light.ttf' (167K)
[2021.01.26-18.11.52:426][124]LogAssetEditorSubsystem: Opening Asset editor for World /Game/Mosquito_layer.Mosquito_layer
[2021.01.26-18.11.52:435][124]LogUObjectHash: Compacting FUObjectHashTables data took   1.39ms
[2021.01.26-18.11.52:436][124]Cmd: MAP LOAD FILE="D:/Art Center/Bad Apple/Unreal_Bad_Apple/Content/Mosquito_layer.umap" TEMPLATE=0 SHOWPROGRESS=1 FEATURELEVEL=3
[2021.01.26-18.11.52:436][124]LightingResults: New page: Lighting Build
[2021.01.26-18.11.52:436][124]LoadErrors: New page: Loading map: Mosquito_layer.umap
[2021.01.26-18.11.52:438][124]LogWorld: UWorld::CleanupWorld for ThirdPersonExampleMap, bSessionEnded=true, bCleanupResources=true
[2021.01.26-18.11.52:438][124]LogSlate: InvalidateAllWidgets triggered.  All widgets were invalidated
[2021.01.26-18.11.52:438][124]MapCheck: New page: Map Check
[2021.01.26-18.11.52:438][124]LightingResults: New page: Lighting Build
[2021.01.26-18.11.52:448][124]LogAISub: UAISubsystem::~UAISubsystem EnvQueryManager (0000028084777E00), frame # 4124
[2021.01.26-18.11.52:448][124]LogAISub: UAISubsystem::~UAISubsystem AIPerceptionSystem (0000028082C88900), frame # 4124
[2021.01.26-18.11.52:448][124]LogUObjectHash: Compacting FUObjectHashTables data took   0.64ms
[2021.01.26-18.11.52:457][124]LogEditorServer: Finished looking for orphan Actors (0.000 secs)
[2021.01.26-18.11.52:457][124]LogAIModule: Creating AISystem for world Mosquito_layer
[2021.01.26-18.11.52:457][124]LogAISub: UAISubsystem::UAISubsystem EnvQueryManager (0000028084711200), frame # 4124
[2021.01.26-18.11.52:457][124]LogAISub: UAISubsystem::UAISubsystem AIPerceptionSystem (0000028084752840), frame # 4124
[2021.01.26-18.11.52:466][124]LogUObjectHash: Compacting FUObjectHashTables data took   0.56ms
[2021.01.26-18.11.52:489][124]Cmd: MAP CHECKDEP NOCLEARLOG
[2021.01.26-18.11.52:489][124]MapCheck: Map check complete: 0 Error(s), 0 Warning(s), took 0.083ms to complete.
[2021.01.26-18.11.52:489][124]LogFileHelpers: Loading map 'Mosquito_layer' took 0.053
[2021.01.26-18.21.51:957][865]AssetReimport: New page: Outstanding source content changes 10:21:51 AM
[2021.01.26-18.21.51:962][865]LogFactory: FactoryCreateFile: StaticMesh with FbxFactory (0 0 D:/Art Center/Bad Apple/Unreal_Bad_Apple/Content/Shots/Shot_68/Camera_68.fbx)
[2021.01.26-18.21.51:984][865]LogFbx: Loading FBX Scene from D:/Art Center/Bad Apple/Unreal_Bad_Apple/Content/Shots/Shot_68/Camera_68.fbx
[2021.01.26-18.21.51:992][865]LogFbx: FBX Scene Loaded Succesfully
[2021.01.26-18.21.52:108][865]LogUObjectHash: Compacting FUObjectHashTables data took   0.72ms
[2021.01.26-18.21.52:117][865]LogUObjectHash: Compacting FUObjectHashTables data took   0.43ms
[2021.01.26-18.21.52:257][865]LogSlate: Took 0.011078 seconds to synchronously load lazily loaded font '../../../Engine/Content/Slate/Fonts/DroidSansMono.ttf' (77K)
[2021.01.26-18.21.55:274][978]AssetReimport: Importing new asset /Game/Shots/Shot_68/Camera_68.
[2021.01.26-18.21.55:274][978]AssetReimport: Failed to import file D:/Art Center/Bad Apple/Unreal_Bad_Apple/Content/Shots/Shot_68/Camera_68.fbx.
[2021.01.26-18.21.59:376][139]LogSlate: Window 'Message Log' being destroyed
[2021.01.26-18.21.59:403][139]LogSlate: Window 'Message Log' being destroyed
[2021.01.26-18.23.29:786][621]AssetReimport: New page: Outstanding source content changes 10:23:29 AM
[2021.01.26-18.24.10:761][765]LogFactory: FactoryCreateFile: StaticMesh with FbxFactory (0 0 D:\Art Center\Bad Apple\Unreal_Bad_Apple\Content\Shots\Shot_68\Camera_68.fbx)
[2021.01.26-18.24.10:772][765]LogFbx: Loading FBX Scene from D:\Art Center\Bad Apple\Unreal_Bad_Apple\Content\Shots\Shot_68\Camera_68.fbx
[2021.01.26-18.24.10:777][765]LogFbx: FBX Scene Loaded Succesfully
[2021.01.26-18.24.10:779][765]FBXImport: Warning: Can't detect import type. No mesh is found or animation track. 
[2021.01.26-18.24.14:977][765]LogSlate: Window 'Message' being destroyed
[2021.01.26-18.24.14:982][765]Message dialog closed, result: Ok, title: Message, text: Failed to import 'D:\Art Center\Bad Apple\Unreal_Bad_Apple\Content\Shots\Shot_68\Camera_68.fbx'. Failed to create asset '/Game/Shots/Shot_68/Camera_68'.
Please see Output Log for details.
[2021.01.26-18.24.14:982][765]LogAssetTools: Warning: Failed to import 'D:\Art Center\Bad Apple\Unreal_Bad_Apple\Content\Shots\Shot_68\Camera_68.fbx'. Failed to create asset '/Game/Shots/Shot_68/Camera_68'.
Please see Output Log for details.
[2021.01.26-18.24.17:840][873]LogSlate: Window 'Message Log' being destroyed
[2021.01.26-18.24.17:866][873]LogSlate: Window 'Message Log' being destroyed
[2021.01.26-18.25.16:523][ 82]LogSlate: Window 'Save Asset As' being destroyed
[2021.01.26-18.25.16:615][ 82]LogAssetEditorSubsystem: Opening Asset editor for LevelSequence /Game/Shots/Shot_68/SQ_Shot_68.SQ_Shot_68
[2021.01.26-18.25.19:882][225]LogUObjectHash: Compacting FUObjectHashTables data took   0.68ms
[2021.01.26-18.25.19:895][225]Cmd: OBJ SAVEPACKAGE PACKAGE="/Game/Mosquito_layer" FILE="D:/Art Center/Bad Apple/Unreal_Bad_Apple/Saved/Autosaves/Game/Mosquito_layer_Auto1.umap" SILENT=true AUTOSAVING=true KEEPDIRTY=false
[2021.01.26-18.25.19:955][225]LogSavePackage: Moving 'D:/Art Center/Bad Apple/Unreal_Bad_Apple/Saved/Mosquito_layer_Auto1085CDB814FE171E2EA28C0BEAEB6FA9E.tmp' to 'D:/Art Center/Bad Apple/Unreal_Bad_Apple/Saved/Autosaves/Game/Mosquito_layer_Auto1.umap'
[2021.01.26-18.25.19:961][225]LogFileHelpers: Editor autosave (incl. sublevels) for '/Game/Mosquito_layer' took 0.087
[2021.01.26-18.25.19:961][225]LogFileHelpers: Editor autosave (incl. sublevels) for all levels took 0.087
[2021.01.26-18.25.19:961][225]OBJ SavePackage: Generating thumbnails for [0] asset(s) in package [/Game/Shots/Shot_68/SQ_Shot_68] ([1] browsable assets)...
[2021.01.26-18.25.19:961][225]OBJ SavePackage: Finished generating thumbnails for package [/Game/Shots/Shot_68/SQ_Shot_68]
[2021.01.26-18.25.19:961][225]Cmd: OBJ SAVEPACKAGE PACKAGE="/Game/Shots/Shot_68/SQ_Shot_68" FILE="D:/Art Center/Bad Apple/Unreal_Bad_Apple/Saved/Autosaves/Game/Shots/Shot_68/SQ_Shot_68_Auto1.uasset" SILENT=false AUTOSAVING=true
[2021.01.26-18.25.19:970][225]LogSavePackage: Moving 'D:/Art Center/Bad Apple/Unreal_Bad_Apple/Saved/SQ_Shot_68_Auto123A4369441282338B513FCAA4F67B31B.tmp' to 'D:/Art Center/Bad Apple/Unreal_Bad_Apple/Saved/Autosaves/Game/Shots/Shot_68/SQ_Shot_68_Auto1.uasset'
[2021.01.26-18.25.19:971][225]LogFileHelpers: Auto-saving content packages took 0.010
[2021.01.26-18.25.56:416][368]LogSlate: Took 0.008656 seconds to synchronously load lazily loaded font '../../../Engine/Content/Slate/Fonts/Roboto-BoldCondensed.ttf' (158K)
[2021.01.26-18.35.33:199][321]LogUObjectHash: Compacting FUObjectHashTables data took   0.62ms
[2021.01.26-18.35.33:203][321]Cmd: OBJ SAVEPACKAGE PACKAGE="/Game/Mosquito_layer" FILE="D:/Art Center/Bad Apple/Unreal_Bad_Apple/Saved/Autosaves/Game/Mosquito_layer_Auto2.umap" SILENT=true AUTOSAVING=true KEEPDIRTY=false
[2021.01.26-18.35.33:253][321]LogSavePackage: Moving 'D:/Art Center/Bad Apple/Unreal_Bad_Apple/Saved/Mosquito_layer_Auto247BA74FC415AA712D0CC7A821B191A93.tmp' to 'D:/Art Center/Bad Apple/Unreal_Bad_Apple/Saved/Autosaves/Game/Mosquito_layer_Auto2.umap'
[2021.01.26-18.35.33:316][321]LogFileHelpers: Editor autosave (incl. sublevels) for '/Game/Mosquito_layer' took 0.130
[2021.01.26-18.35.33:316][321]LogFileHelpers: Editor autosave (incl. sublevels) for all levels took 0.130
[2021.01.26-18.35.33:317][321]OBJ SavePackage: Generating thumbnails for [0] asset(s) in package [/Game/Shots/Shot_68/SQ_Shot_68] ([1] browsable assets)...
[2021.01.26-18.35.33:317][321]OBJ SavePackage: Finished generating thumbnails for package [/Game/Shots/Shot_68/SQ_Shot_68]
[2021.01.26-18.35.33:317][321]Cmd: OBJ SAVEPACKAGE PACKAGE="/Game/Shots/Shot_68/SQ_Shot_68" FILE="D:/Art Center/Bad Apple/Unreal_Bad_Apple/Saved/Autosaves/Game/Shots/Shot_68/SQ_Shot_68_Auto2.uasset" SILENT=false AUTOSAVING=true
[2021.01.26-18.35.33:338][321]LogSavePackage: Moving 'D:/Art Center/Bad Apple/Unreal_Bad_Apple/Saved/SQ_Shot_68_Auto26AAC7F6746D91E4A7A86F09801400F9B.tmp' to 'D:/Art Center/Bad Apple/Unreal_Bad_Apple/Saved/Autosaves/Game/Shots/Shot_68/SQ_Shot_68_Auto2.uasset'
[2021.01.26-18.35.33:338][321]LogFileHelpers: Auto-saving content packages took 0.022
[2021.01.26-18.42.02:702][549]LogFbx: Loading FBX Scene from D:/Art Center/Bad Apple/Unreal_Bad_Apple/Content/Shots/Shot_68/Test_camera.fbx
[2021.01.26-18.42.02:709][549]LogFbx: FBX Scene Loaded Succesfully
[2021.01.26-18.42.02:719][549]LogMovieScene: Warning: Fbx Import: Failed to find any matching node for (shot_68). Defaulting to first available (CineCameraActor3).
[2021.01.26-18.42.02:719][549]LogMovieScene: Warning: Fbx Import: Failed to find any matching node for (RootNode).
[2021.01.26-18.42.02:722][549]LogSlate: Window 'Import FBX' being destroyed
[2021.01.26-18.43.13:325][603]LogSlate: Window 'Render Movie Settings' being destroyed
[2021.01.26-18.43.54:187][472]Cmd: OBJ SAVEPACKAGE PACKAGE="/Game/Mosquito_layer" FILE="D:/Art Center/Bad Apple/Unreal_Bad_Apple/Content/Mosquito_layer.umap" SILENT=true AUTOSAVING=false KEEPDIRTY=false
[2021.01.26-18.43.54:205][472]LogUObjectHash: Compacting FUObjectHashTables data took   0.82ms
[2021.01.26-18.43.54:259][472]LogSavePackage: Moving 'D:/Art Center/Bad Apple/Unreal_Bad_Apple/Saved/Mosquito_layer077B63CE43098664CEFA7EAD14C7F509.tmp' to 'D:/Art Center/Bad Apple/Unreal_Bad_Apple/Content/Mosquito_layer.umap'
[2021.01.26-18.43.54:343][472]Cmd: OBJ SAVEPACKAGE PACKAGE="/Game/Mosquito_layer_BuiltData" FILE="D:/Art Center/Bad Apple/Unreal_Bad_Apple/Content/Mosquito_layer_BuiltData.uasset" SILENT=true
[2021.01.26-18.43.54:395][472]LogSavePackage: Moving 'D:/Art Center/Bad Apple/Unreal_Bad_Apple/Saved/Mosquito_layer_BuiltDataB9DA5966409A148584BCCAB583491B03.tmp' to 'D:/Art Center/Bad Apple/Unreal_Bad_Apple/Content/Mosquito_layer_BuiltData.uasset'
[2021.01.26-18.43.54:409][472]AssetCheck: New page: Asset Save: multiple assets
[2021.01.26-18.43.54:409][472]LogContentValidation: Display: Validating World /Game/Mosquito_layer.Mosquito_layer
[2021.01.26-18.43.54:409][472]LogContentValidation: Display: Validating MapBuildDataRegistry /Game/Mosquito_layer_BuiltData.Mosquito_layer_BuiltData
[2021.01.26-18.44.48:049][874]LogHttp: Warning: 0000028097370100: invalid HTTP response code received. URL: https://datarouter.ol.epicgames.com/datarouter/api/v1/public/data?SessionID=%7B32E5CB97-4FF8-E74A-6F39-F493E2B5CEC0%7D&AppID=UEEditor.Rocket.Release&AppVersion=4.25.4-14469661%2B%2B%2BUE4%2BRelease-4.25&UserID=2b81046a4e139c568dd1da9b9054c5d9%7C699bf3ec883b4fa2a6be446a8ec4a8d1%7Cb2ebefda-4e68-407f-9e1f-994e4128bc91&AppEnvironment=datacollector-source&UploadType=eteventstream, HTTP code: 0, content length: 0, actual payload size: 0
[2021.01.26-18.44.48:049][874]LogHttp: Warning: 0000028097370100: request failed, libcurl error: 6 (Couldn't resolve host name)
[2021.01.26-18.44.48:049][874]LogHttp: Warning: 0000028097370100: libcurl info message cache 0 (Connection 12 seems to be dead!)
[2021.01.26-18.44.48:049][874]LogHttp: Warning: 0000028097370100: libcurl info message cache 1 (Closing connection 12)
[2021.01.26-18.44.48:049][874]LogHttp: Warning: 0000028097370100: libcurl info message cache 2 (TLSv1.2 (OUT), TLS alert, Client hello (1):)
[2021.01.26-18.44.48:049][874]LogHttp: Warning: 0000028097370100: libcurl info message cache 3 (Could not resolve host: datarouter.ol.epicgames.com)
[2021.01.26-18.44.48:049][874]LogHttp: Warning: 0000028097370100: libcurl info message cache 4 (Closing connection 13)
[2021.01.26-18.44.48:049][874]LogHttp: Warning: Retry exhausted on https://datarouter.ol.epicgames.com/datarouter/api/v1/public/data?SessionID=%7B32E5CB97-4FF8-E74A-6F39-F493E2B5CEC0%7D&AppID=UEEditor.Rocket.Release&AppVersion=4.25.4-14469661%2B%2B%2BUE4%2BRelease-4.25&UserID=2b81046a4e139c568dd1da9b9054c5d9%7C699bf3ec883b4fa2a6be446a8ec4a8d1%7Cb2ebefda-4e68-407f-9e1f-994e4128bc91&AppEnvironment=datacollector-source&UploadType=eteventstream
[2021.01.26-18.48.18:064][499]LogUdpMessaging: Warning: UDP messaging encountered an error. Auto repair routine started for reinitialization
[2021.01.26-18.48.37:701][556]LogUdpMessaging: Warning: UDP messaging encountered an error. Auto repair routine started for reinitialization
[2021.01.26-18.48.44:420][577]LogHttp: Warning: 0000028096E95D00: invalid HTTP response code received. URL: https://datarouter.ol.epicgames.com/datarouter/api/v1/public/data?SessionID=%7B32E5CB97-4FF8-E74A-6F39-F493E2B5CEC0%7D&AppID=UEEditor.Rocket.Release&AppVersion=4.25.4-14469661%2B%2B%2BUE4%2BRelease-4.25&UserID=2b81046a4e139c568dd1da9b9054c5d9%7C699bf3ec883b4fa2a6be446a8ec4a8d1%7Cb2ebefda-4e68-407f-9e1f-994e4128bc91&AppEnvironment=datacollector-source&UploadType=eteventstream, HTTP code: 0, content length: 0, actual payload size: 0
[2021.01.26-18.48.44:420][577]LogHttp: Warning: 0000028096E95D00: request failed, libcurl error: 6 (Couldn't resolve host name)
[2021.01.26-18.48.44:420][577]LogHttp: Warning: 0000028096E95D00: libcurl info message cache 0 (Connection 14 seems to be dead!)
[2021.01.26-18.48.44:420][577]LogHttp: Warning: 0000028096E95D00: libcurl info message cache 1 (Closing connection 14)
[2021.01.26-18.48.44:420][577]LogHttp: Warning: 0000028096E95D00: libcurl info message cache 2 (Could not resolve host: datarouter.ol.epicgames.com)
[2021.01.26-18.48.44:420][577]LogHttp: Warning: 0000028096E95D00: libcurl info message cache 3 (Closing connection 15)
[2021.01.26-18.48.44:755][578]LogHttp: Warning: Retry exhausted on https://datarouter.ol.epicgames.com/datarouter/api/v1/public/data?SessionID=%7B32E5CB97-4FF8-E74A-6F39-F493E2B5CEC0%7D&AppID=UEEditor.Rocket.Release&AppVersion=4.25.4-14469661%2B%2B%2BUE4%2BRelease-4.25&UserID=2b81046a4e139c568dd1da9b9054c5d9%7C699bf3ec883b4fa2a6be446a8ec4a8d1%7Cb2ebefda-4e68-407f-9e1f-994e4128bc91&AppEnvironment=datacollector-source&UploadType=eteventstream
[2021.01.26-18.53.54:202][501]LogUObjectHash: Compacting FUObjectHashTables data took   1.32ms
[2021.01.26-18.53.54:205][501]LogFileHelpers: Editor autosave (incl. sublevels) for '/Game/Mosquito_layer' took 0.014
[2021.01.26-18.53.54:206][501]OBJ SavePackage: Generating thumbnails for [0] asset(s) in package [/Game/Shots/Shot_68/SQ_Shot_68] ([1] browsable assets)...
[2021.01.26-18.53.54:206][501]OBJ SavePackage: Finished generating thumbnails for package [/Game/Shots/Shot_68/SQ_Shot_68]
[2021.01.26-18.53.54:206][501]Cmd: OBJ SAVEPACKAGE PACKAGE="/Game/Shots/Shot_68/SQ_Shot_68" FILE="D:/Art Center/Bad Apple/Unreal_Bad_Apple/Saved/Autosaves/Game/Shots/Shot_68/SQ_Shot_68_Auto3.uasset" SILENT=false AUTOSAVING=true
[2021.01.26-18.53.54:234][501]LogSavePackage: Moving 'D:/Art Center/Bad Apple/Unreal_Bad_Apple/Saved/SQ_Shot_68_Auto3CC0EC0D64076C4541ED6EFA0946200DD.tmp' to 'D:/Art Center/Bad Apple/Unreal_Bad_Apple/Saved/Autosaves/Game/Shots/Shot_68/SQ_Shot_68_Auto3.uasset'
[2021.01.26-18.53.54:235][501]LogFileHelpers: Auto-saving content packages took 0.029
[2021.01.26-18.59.13:138][936]AssetReimport: New page: Outstanding source content changes 10:59:13 AM
[2021.01.26-18.59.13:166][936]LogFactory: FactoryCreateFile: StaticMesh with AlembicImportFactory (0 0 D:/Art Center/Bad Apple/Unreal_Bad_Apple/Content/Shots/Shot_68/Shot_68_green_Test.abc)
[2021.01.26-19.00.25:164][936]LogSlate: Window 'Alembic Cache Import Options' being destroyed
[2021.01.26-19.00.28:832][936]LogGeoCaStreamingCodecV1: Compressed 66221 vertices, 2547184 bytes to 424922 bytes in 20.11 milliseconds (5.99 ratio), quantizer precision: 0.01 units.
[2021.01.26-19.00.28:854][936]LogGeoCaStreamingCodecV1: Compressed 66221 vertices, 2547184 bytes to 424922 bytes in 21.22 milliseconds (5.99 ratio), quantizer precision: 0.01 units.
[2021.01.26-19.00.28:878][936]LogGeoCaStreamingCodecV1: Compressed 66221 vertices, 2547184 bytes to 424922 bytes in 22.22 milliseconds (5.99 ratio), quantizer precision: 0.01 units.
[2021.01.26-19.00.28:904][936]LogGeoCaStreamingCodecV1: Compressed 66221 vertices, 2547184 bytes to 424922 bytes in 25.33 milliseconds (5.99 ratio), quantizer precision: 0.01 units.
[2021.01.26-19.00.28:927][936]LogGeoCaStreamingCodecV1: Compressed 66221 vertices, 2547184 bytes to 424922 bytes in 21.04 milliseconds (5.99 ratio), quantizer precision: 0.01 units.
[2021.01.26-19.00.28:948][936]LogGeoCaStreamingCodecV1: Compressed 66221 vertices, 2547184 bytes to 424932 bytes in 20.07 milliseconds (5.99 ratio), quantizer precision: 0.01 units.
[2021.01.26-19.00.28:971][936]LogGeoCaStreamingCodecV1: Compressed 66221 vertices, 2547184 bytes to 424932 bytes in 21.54 milliseconds (5.99 ratio), quantizer precision: 0.01 units.
[2021.01.26-19.00.29:002][936]LogGeoCaStreamingCodecV1: Compressed 66221 vertices, 2547184 bytes to 424932 bytes in 29.14 milliseconds (5.99 ratio), quantizer precision: 0.01 units.
[2021.01.26-19.00.29:024][936]LogGeoCaStreamingCodecV1: Compressed 66221 vertices, 2547184 bytes to 424932 bytes in 20.66 milliseconds (5.99 ratio), quantizer precision: 0.01 units.
[2021.01.26-19.00.29:045][936]LogGeoCaStreamingCodecV1: Compressed 66221 vertices, 2547184 bytes to 425009 bytes in 20.26 milliseconds (5.99 ratio), quantizer precision: 0.01 units.
[2021.01.26-19.00.29:067][936]LogGeoCaStreamingCodecV1: Compressed 66221 vertices, 2547184 bytes to 425009 bytes in 20.75 milliseconds (5.99 ratio), quantizer precision: 0.01 units.
[2021.01.26-19.00.29:093][936]LogGeoCaStreamingCodecV1: Compressed 66221 vertices, 2547184 bytes to 425009 bytes in 24.31 milliseconds (5.99 ratio), quantizer precision: 0.01 units.
[2021.01.26-19.00.29:118][936]LogGeoCaStreamingCodecV1: Compressed 66221 vertices, 2547184 bytes to 425009 bytes in 22.25 milliseconds (5.99 ratio), quantizer precision: 0.01 units.
[2021.01.26-19.00.29:139][936]LogGeoCaStreamingCodecV1: Compressed 66221 vertices, 2547184 bytes to 425053 bytes in 19.89 milliseconds (5.99 ratio), quantizer precision: 0.01 units.
[2021.01.26-19.00.29:162][936]LogGeoCaStreamingCodecV1: Compressed 66221 vertices, 2547184 bytes to 425053 bytes in 21.00 milliseconds (5.99 ratio), quantizer precision: 0.01 units.
[2021.01.26-19.00.29:184][936]LogGeoCaStreamingCodecV1: Compressed 66221 vertices, 2547184 bytes to 425053 bytes in 21.61 milliseconds (5.99 ratio), quantizer precision: 0.01 units.
[2021.01.26-19.00.29:211][936]LogGeoCaStreamingCodecV1: Compressed 66221 vertices, 2547184 bytes to 425053 bytes in 26.12 milliseconds (5.99 ratio), quantizer precision: 0.01 units.
[2021.01.26-19.00.29:233][936]LogGeoCaStreamingCodecV1: Compressed 66221 vertices, 2547184 bytes to 430718 bytes in 19.98 milliseconds (5.91 ratio), quantizer precision: 0.01 units.
[2021.01.26-19.00.29:255][936]LogGeoCaStreamingCodecV1: Compressed 66221 vertices, 2547184 bytes to 430718 bytes in 20.64 milliseconds (5.91 ratio), quantizer precision: 0.01 units.
[2021.01.26-19.00.29:277][936]LogGeoCaStreamingCodecV1: Compressed 66221 vertices, 2547184 bytes to 430718 bytes in 20.76 milliseconds (5.91 ratio), quantizer precision: 0.01 units.
[2021.01.26-19.00.29:301][936]LogGeoCaStreamingCodecV1: Compressed 66221 vertices, 2547184 bytes to 430718 bytes in 22.15 milliseconds (5.91 ratio), quantizer precision: 0.01 units.
[2021.01.26-19.00.29:324][936]LogGeoCaStreamingCodecV1: Compressed 66221 vertices, 2547184 bytes to 432135 bytes in 22.34 milliseconds (5.89 ratio), quantizer precision: 0.01 units.
[2021.01.26-19.00.29:358][936]LogGeoCaStreamingCodecV1: Compressed 66221 vertices, 2547184 bytes to 432135 bytes in 31.30 milliseconds (5.89 ratio), quantizer precision: 0.01 units.
[2021.01.26-19.00.29:383][936]LogGeoCaStreamingCodecV1: Compressed 66221 vertices, 2547184 bytes to 432135 bytes in 22.81 milliseconds (5.89 ratio), quantizer precision: 0.01 units.
[2021.01.26-19.00.29:409][936]LogGeoCaStreamingCodecV1: Compressed 66221 vertices, 2547184 bytes to 432135 bytes in 24.93 milliseconds (5.89 ratio), quantizer precision: 0.01 units.
[2021.01.26-19.00.29:433][936]LogGeoCaStreamingCodecV1: Compressed 66221 vertices, 2547184 bytes to 432075 bytes in 22.60 milliseconds (5.90 ratio), quantizer precision: 0.01 units.
[2021.01.26-19.00.29:454][936]LogGeoCaStreamingCodecV1: Compressed 66221 vertices, 2547184 bytes to 432075 bytes in 19.95 milliseconds (5.90 ratio), quantizer precision: 0.01 units.
[2021.01.26-19.00.29:477][936]LogGeoCaStreamingCodecV1: Compressed 66221 vertices, 2547184 bytes to 432075 bytes in 21.40 milliseconds (5.90 ratio), quantizer precision: 0.01 units.
[2021.01.26-19.00.29:502][936]LogGeoCaStreamingCodecV1: Compressed 66221 vertices, 2547184 bytes to 432075 bytes in 23.17 milliseconds (5.90 ratio), quantizer precision: 0.01 units.
[2021.01.26-19.00.29:524][936]LogGeoCaStreamingCodecV1: Compressed 66221 vertices, 2547184 bytes to 432331 bytes in 20.61 milliseconds (5.89 ratio), quantizer precision: 0.01 units.
[2021.01.26-19.00.29:545][936]LogGeoCaStreamingCodecV1: Compressed 66221 vertices, 2547184 bytes to 432331 bytes in 20.18 milliseconds (5.89 ratio), quantizer precision: 0.01 units.
[2021.01.26-19.00.29:570][936]LogGeoCaStreamingCodecV1: Compressed 66221 vertices, 2547184 bytes to 432331 bytes in 23.79 milliseconds (5.89 ratio), quantizer precision: 0.01 units.
[2021.01.26-19.00.29:592][936]LogGeoCaStreamingCodecV1: Compressed 66221 vertices, 2547184 bytes to 432331 bytes in 20.70 milliseconds (5.89 ratio), quantizer precision: 0.01 units.
[2021.01.26-19.00.29:617][936]LogGeoCaStreamingCodecV1: Compressed 66221 vertices, 2547184 bytes to 433254 bytes in 24.01 milliseconds (5.88 ratio), quantizer precision: 0.01 units.
[2021.01.26-19.00.29:638][936]LogGeoCaStreamingCodecV1: Compressed 66221 vertices, 2547184 bytes to 433254 bytes in 20.12 milliseconds (5.88 ratio), quantizer precision: 0.01 units.
[2021.01.26-19.00.29:660][936]LogGeoCaStreamingCodecV1: Compressed 66221 vertices, 2547184 bytes to 433254 bytes in 20.94 milliseconds (5.88 ratio), quantizer precision: 0.01 units.
[2021.01.26-19.00.29:684][936]LogGeoCaStreamingCodecV1: Compressed 66221 vertices, 2547184 bytes to 433254 bytes in 22.84 milliseconds (5.88 ratio), quantizer precision: 0.01 units.
[2021.01.26-19.00.29:710][936]LogGeoCaStreamingCodecV1: Compressed 66221 vertices, 2547184 bytes to 434048 bytes in 24.55 milliseconds (5.87 ratio), quantizer precision: 0.01 units.
[2021.01.26-19.00.29:731][936]LogGeoCaStreamingCodecV1: Compressed 66221 vertices, 2547184 bytes to 434048 bytes in 19.77 milliseconds (5.87 ratio), quantizer precision: 0.01 units.
[2021.01.26-19.00.29:752][936]LogGeoCaStreamingCodecV1: Compressed 66221 vertices, 2547184 bytes to 434048 bytes in 19.94 milliseconds (5.87 ratio), quantizer precision: 0.01 units.
[2021.01.26-19.00.29:775][936]LogGeoCaStreamingCodecV1: Compressed 66221 vertices, 2547184 bytes to 434181 bytes in 21.15 milliseconds (5.87 ratio), quantizer precision: 0.01 units.
[2021.01.26-19.00.29:805][936]LogGeoCaStreamingCodecV1: Compressed 66221 vertices, 2547184 bytes to 434181 bytes in 24.96 milliseconds (5.87 ratio), quantizer precision: 0.01 units.
[2021.01.26-19.00.29:848][936]AssetTools: New page: Importing Shot_68_green_Test.abc
[2021.01.26-19.00.29:937][937]Cmd: OBJ SAVEPACKAGE PACKAGE="/Game/Shots/Shot_68/Shot_68_green_Test" FILE="D:/Art Center/Bad Apple/Unreal_Bad_Apple/Content/Shots/Shot_68/Shot_68_green_Test.uasset" SILENT=true
[2021.01.26-19.00.29:961][937]LogSavePackage: Moving 'D:/Art Center/Bad Apple/Unreal_Bad_Apple/Saved/Shot_68_green_Test5AA1257A4DC99D7DDCC1068C492F4C2C.tmp' to 'D:/Art Center/Bad Apple/Unreal_Bad_Apple/Content/Shots/Shot_68/Shot_68_green_Test.uasset'
[2021.01.26-19.00.30:020][938]AssetCheck: New page: Asset Save: Shot_68_green_Test
[2021.01.26-19.00.30:020][938]LogContentValidation: Display: Validating GeometryCache /Game/Shots/Shot_68/Shot_68_green_Test.Shot_68_green_Test
[2021.01.26-19.00.33:028][ 26]AssetReimport: Importing new asset /Game/Shots/Shot_68/Shot_68_green_Test.
[2021.01.26-19.05.11:376][538]LogUObjectHash: Compacting FUObjectHashTables data took   0.89ms
[2021.01.26-19.05.11:382][538]Cmd: OBJ SAVEPACKAGE PACKAGE="/Game/Mosquito_layer" FILE="D:/Art Center/Bad Apple/Unreal_Bad_Apple/Saved/Autosaves/Game/Mosquito_layer_Auto4.umap" SILENT=true AUTOSAVING=true KEEPDIRTY=false
[2021.01.26-19.05.11:418][538]LogSavePackage: Moving 'D:/Art Center/Bad Apple/Unreal_Bad_Apple/Saved/Mosquito_layer_Auto47ACD47404B3A36F77E5F2B8105699639.tmp' to 'D:/Art Center/Bad Apple/Unreal_Bad_Apple/Saved/Autosaves/Game/Mosquito_layer_Auto4.umap'
[2021.01.26-19.05.11:422][538]LogFileHelpers: Editor autosave (incl. sublevels) for '/Game/Mosquito_layer' took 0.056
[2021.01.26-19.05.11:422][538]LogFileHelpers: Editor autosave (incl. sublevels) for all levels took 0.056
[2021.01.26-19.05.11:422][538]OBJ SavePackage: Generating thumbnails for [0] asset(s) in package [/Game/Shots/Shot_68/SQ_Shot_68] ([1] browsable assets)...
[2021.01.26-19.05.11:422][538]OBJ SavePackage: Finished generating thumbnails for package [/Game/Shots/Shot_68/SQ_Shot_68]
[2021.01.26-19.05.11:422][538]Cmd: OBJ SAVEPACKAGE PACKAGE="/Game/Shots/Shot_68/SQ_Shot_68" FILE="D:/Art Center/Bad Apple/Unreal_Bad_Apple/Saved/Autosaves/Game/Shots/Shot_68/SQ_Shot_68_Auto4.uasset" SILENT=false AUTOSAVING=true
[2021.01.26-19.05.11:441][538]LogSavePackage: Moving 'D:/Art Center/Bad Apple/Unreal_Bad_Apple/Saved/SQ_Shot_68_Auto4F661CAF145B938BD5D7AD39B8F28DFF8.tmp' to 'D:/Art Center/Bad Apple/Unreal_Bad_Apple/Saved/Autosaves/Game/Shots/Shot_68/SQ_Shot_68_Auto4.uasset'
[2021.01.26-19.05.11:442][538]LogFileHelpers: Auto-saving content packages took 0.020
[2021.01.26-19.25.08:160][490]LogSlate: Took 0.009511 seconds to synchronously load lazily loaded font '../../../Engine/Content/Slate/Fonts/Roboto-Italic.ttf' (157K)
[2021.01.26-19.27.35:150][ 63]LogSlate: Window 'Render Movie Settings' being destroyed
[2021.01.26-19.49.47:912][115]LogEditorViewport: Clicking on Actor (LMB): GeometryCacheActor (Shot_68_green_Test)
[2021.01.26-19.50.29:734][354]Cmd: TRANSACTION UNDO
[2021.01.26-19.50.29:734][354]LogEditorTransaction: Undo Add Geometry Cache
[2021.01.26-19.50.30:636][377]Cmd: TRANSACTION UNDO
[2021.01.26-19.50.30:636][377]LogEditorTransaction: Undo Add Component
[2021.01.26-19.51.06:713][543]LogUObjectHash: Compacting FUObjectHashTables data took   0.71ms
[2021.01.26-19.51.06:718][543]LogFileHelpers: Editor autosave (incl. sublevels) for '/Game/Mosquito_layer' took 0.018
[2021.01.26-19.51.06:718][543]OBJ SavePackage: Generating thumbnails for [0] asset(s) in package [/Game/Shots/Shot_68/SQ_Shot_68] ([1] browsable assets)...
[2021.01.26-19.51.06:718][543]OBJ SavePackage: Finished generating thumbnails for package [/Game/Shots/Shot_68/SQ_Shot_68]
[2021.01.26-19.51.06:719][543]Cmd: OBJ SAVEPACKAGE PACKAGE="/Game/Shots/Shot_68/SQ_Shot_68" FILE="D:/Art Center/Bad Apple/Unreal_Bad_Apple/Saved/Autosaves/Game/Shots/Shot_68/SQ_Shot_68_Auto5.uasset" SILENT=false AUTOSAVING=true
[2021.01.26-19.51.06:741][543]LogSavePackage: Moving 'D:/Art Center/Bad Apple/Unreal_Bad_Apple/Saved/SQ_Shot_68_Auto50871E1744523D09AD0451BBB5316B541.tmp' to 'D:/Art Center/Bad Apple/Unreal_Bad_Apple/Saved/Autosaves/Game/Shots/Shot_68/SQ_Shot_68_Auto5.uasset'
[2021.01.26-19.51.06:742][543]LogFileHelpers: Auto-saving content packages took 0.024
[2021.01.26-19.54.08:713][  9]LogEditorViewport: Clicking on Actor (LMB): CineCameraActor (CineCameraActor)
[2021.01.26-19.56.53:314][436]Cmd: OBJ SAVEPACKAGE PACKAGE="/Game/Mosquito_layer" FILE="D:/Art Center/Bad Apple/Unreal_Bad_Apple/Content/Mosquito_layer.umap" SILENT=true AUTOSAVING=false KEEPDIRTY=false
[2021.01.26-19.56.53:338][436]LogUObjectHash: Compacting FUObjectHashTables data took   1.00ms
[2021.01.26-19.56.53:376][436]LogSavePackage: Moving 'D:/Art Center/Bad Apple/Unreal_Bad_Apple/Saved/Mosquito_layer1D450518473EC30BD3307D9037394EE1.tmp' to 'D:/Art Center/Bad Apple/Unreal_Bad_Apple/Content/Mosquito_layer.umap'
[2021.01.26-19.56.53:449][436]Cmd: OBJ SAVEPACKAGE PACKAGE="/Game/Mosquito_layer_BuiltData" FILE="D:/Art Center/Bad Apple/Unreal_Bad_Apple/Content/Mosquito_layer_BuiltData.uasset" SILENT=true
[2021.01.26-19.56.53:489][436]LogSavePackage: Moving 'D:/Art Center/Bad Apple/Unreal_Bad_Apple/Saved/Mosquito_layer_BuiltData6E679D0D4A15997A8BEEC4B506E853DE.tmp' to 'D:/Art Center/Bad Apple/Unreal_Bad_Apple/Content/Mosquito_layer_BuiltData.uasset'
[2021.01.26-19.56.53:507][436]AssetCheck: New page: Asset Save: multiple assets
[2021.01.26-19.56.53:507][436]LogContentValidation: Display: Validating World /Game/Mosquito_layer.Mosquito_layer
[2021.01.26-19.56.53:507][436]LogContentValidation: Display: Validating MapBuildDataRegistry /Game/Mosquito_layer_BuiltData.Mosquito_layer_BuiltData
[2021.01.26-20.04.02:923][779]LogEditorViewport: Clicking on Actor (LMB): GeometryCacheActor (Shot_68_green_Test)
[2021.01.26-20.09.06:450][358]LogEditorViewport: Clicking on Actor (LMB): GeometryCacheActor (Shot_68_green_Test)
[2021.01.26-20.09.56:762][977]LogAssetEditorSubsystem: Opening Asset editor for GeometryCache /Game/Shots/Shot_68/Shot_68_green_Test.Shot_68_green_Test
[2021.01.26-20.10.24:883][928]Cmd: OBJ SAVEPACKAGE PACKAGE="/Game/Shots/Shot_68/Shot_68_green_Test" FILE="D:/Art Center/Bad Apple/Unreal_Bad_Apple/Content/Shots/Shot_68/Shot_68_green_Test.uasset" SILENT=true
[2021.01.26-20.10.24:926][928]LogSavePackage: Moving 'D:/Art Center/Bad Apple/Unreal_Bad_Apple/Saved/Shot_68_green_TestF2975AC846EDB54304D26483395D5347.tmp' to 'D:/Art Center/Bad Apple/Unreal_Bad_Apple/Content/Shots/Shot_68/Shot_68_green_Test.uasset'
[2021.01.26-20.10.24:940][928]AssetCheck: New page: Asset Save: Shot_68_green_Test
[2021.01.26-20.10.24:940][928]LogContentValidation: Display: Validating GeometryCache /Game/Shots/Shot_68/Shot_68_green_Test.Shot_68_green_Test
[2021.01.26-20.10.26:286][972]LogSlate: Window 'Shot_68_green_Test' being destroyed
[2021.01.26-20.10.26:311][972]LogSlate: Window 'Shot_68_green_Test' being destroyed
[2021.01.26-20.10.55:750][881]LogUObjectHash: Compacting FUObjectHashTables data took   0.76ms
[2021.01.26-20.10.55:756][881]LogFileHelpers: Editor autosave (incl. sublevels) for '/Game/Mosquito_layer' took 0.019
[2021.01.26-20.10.55:756][881]OBJ SavePackage: Generating thumbnails for [0] asset(s) in package [/Game/Shots/Shot_68/SQ_Shot_68] ([1] browsable assets)...
[2021.01.26-20.10.55:756][881]OBJ SavePackage: Finished generating thumbnails for package [/Game/Shots/Shot_68/SQ_Shot_68]
[2021.01.26-20.10.55:756][881]Cmd: OBJ SAVEPACKAGE PACKAGE="/Game/Shots/Shot_68/SQ_Shot_68" FILE="D:/Art Center/Bad Apple/Unreal_Bad_Apple/Saved/Autosaves/Game/Shots/Shot_68/SQ_Shot_68_Auto6.uasset" SILENT=false AUTOSAVING=true
[2021.01.26-20.10.55:779][881]LogSavePackage: Moving 'D:/Art Center/Bad Apple/Unreal_Bad_Apple/Saved/SQ_Shot_68_Auto6FF702F2A4A25CB896017CBB942B2CCEC.tmp' to 'D:/Art Center/Bad Apple/Unreal_Bad_Apple/Saved/Autosaves/Game/Shots/Shot_68/SQ_Shot_68_Auto6.uasset'
[2021.01.26-20.10.55:780][881]LogFileHelpers: Auto-saving content packages took 0.024
[2021.01.26-20.24.17:521][347]LogEditorViewport: Clicking on Actor (LMB): StaticMeshActor (dummy_test_v05)
[2021.01.26-20.24.18:825][397]Cmd: CAMERA ALIGN ACTIVEVIEWPORTONLY
[2021.01.26-20.36.49:504][556]LogUObjectHash: Compacting FUObjectHashTables data took   0.33ms
[2021.01.26-20.36.49:508][556]Cmd: OBJ SAVEPACKAGE PACKAGE="/Game/Mosquito_layer" FILE="D:/Art Center/Bad Apple/Unreal_Bad_Apple/Saved/Autosaves/Game/Mosquito_layer_Auto7.umap" SILENT=true AUTOSAVING=true KEEPDIRTY=false
[2021.01.26-20.36.49:546][556]LogSavePackage: Moving 'D:/Art Center/Bad Apple/Unreal_Bad_Apple/Saved/Mosquito_layer_Auto7D9BBF99948C77FC74A7BA3967E3C0E8E.tmp' to 'D:/Art Center/Bad Apple/Unreal_Bad_Apple/Saved/Autosaves/Game/Mosquito_layer_Auto7.umap'
[2021.01.26-20.36.49:550][556]LogFileHelpers: Editor autosave (incl. sublevels) for '/Game/Mosquito_layer' took 0.054
[2021.01.26-20.36.49:551][556]LogFileHelpers: Editor autosave (incl. sublevels) for all levels took 0.054
[2021.01.26-20.46.26:144][925]Cmd: OBJ SAVEPACKAGE PACKAGE="/Game/Mosquito_layer" FILE="D:/Art Center/Bad Apple/Unreal_Bad_Apple/Content/Mosquito_layer.umap" SILENT=true AUTOSAVING=false KEEPDIRTY=false
[2021.01.26-20.46.26:155][925]LogUObjectHash: Compacting FUObjectHashTables data took   0.90ms
[2021.01.26-20.46.26:192][925]LogSavePackage: Moving 'D:/Art Center/Bad Apple/Unreal_Bad_Apple/Saved/Mosquito_layer412950B64C03E8D6F2EFDFA4410F909B.tmp' to 'D:/Art Center/Bad Apple/Unreal_Bad_Apple/Content/Mosquito_layer.umap'
[2021.01.26-20.46.26:222][925]Cmd: OBJ SAVEPACKAGE PACKAGE="/Game/Mosquito_layer_BuiltData" FILE="D:/Art Center/Bad Apple/Unreal_Bad_Apple/Content/Mosquito_layer_BuiltData.uasset" SILENT=true
[2021.01.26-20.46.26:258][925]LogSavePackage: Moving 'D:/Art Center/Bad Apple/Unreal_Bad_Apple/Saved/Mosquito_layer_BuiltDataC52EAD264CB02F7598DDA68759F855E0.tmp' to 'D:/Art Center/Bad Apple/Unreal_Bad_Apple/Content/Mosquito_layer_BuiltData.uasset'
[2021.01.26-20.46.26:272][925]AssetCheck: New page: Asset Save: multiple assets
[2021.01.26-20.46.26:273][925]LogContentValidation: Display: Validating World /Game/Mosquito_layer.Mosquito_layer
[2021.01.26-20.46.26:273][925]LogContentValidation: Display: Validating MapBuildDataRegistry /Game/Mosquito_layer_BuiltData.Mosquito_layer_BuiltData
